#
# There is insufficient memory for the Java Runtime Environment to continue.
# Native memory allocation (mmap) failed to map 19922944 bytes for Failed to commit area from 0x000000008a700000 to 0x000000008ba00000 of length 19922944.
# Possible reasons:
#   The system is out of physical RAM or swap space
#   The process is running with CompressedOops enabled, and the Java Heap may be blocking the growth of the native heap
# Possible solutions:
#   Reduce memory load on the system
#   Increase physical memory or swap space
#   Check if swap backing store is full
#   Decrease Java heap size (-Xmx/-Xms)
#   Decrease number of Java threads
#   Decrease Java thread stack sizes (-Xss)
#   Set larger code cache with -XX:ReservedCodeCacheSize=
#   JVM is running with Unscaled Compressed Oops mode in which the Java heap is
#     placed in the first 4GB address space. The Java Heap base address is the
#     maximum limit for the native heap growth. Please use -XX:HeapBaseMinAddress
#     to set the Java Heap base and to place the Java Heap above 4GB virtual address.
# This output file may be truncated or incomplete.
#
#  Out of Memory Error (t:/workspace/open/src/hotspot/os/windows/os_windows.cpp:3301), pid=18304, tid=11324
#
# JRE version: OpenJDK Runtime Environment (13.0+33) (build 13+33)
# Java VM: OpenJDK 64-Bit Server VM (13+33, mixed mode, tiered, compressed oops, g1 gc, windows-amd64)
# No core dump will be written. Minidumps are not enabled by default on client versions of Windows
#

---------------  S U M M A R Y ------------

Command Line: -Dcom.sun.management.jmxremote -Dcom.sun.management.jmxremote.port=63207 -Dcom.sun.management.jmxremote.authenticate=false -Dcom.sun.management.jmxremote.ssl=false -Djava.rmi.server.hostname=localhost -Dspring.jmx.enabled=true -Dspring.application.admin.enabled=true -XX:TieredStopAtLevel=1 -Dspring.boot.project.name=demo -Dfile.encoding=Cp1252 com.App

Host: Intel(R) Core(TM) i5-1035G1 CPU @ 1.00GHz, 8 cores, 7G,  Windows 10 , 64 bit Build 22000 (10.0.22000.434)
Time: Mon Mar 14 01:52:02 2022 Paris, Madrid elapsed time: 3 seconds (0d 0h 0m 3s)

---------------  T H R E A D  ---------------

Current thread (0x000002c2ccdda800):  VMThread "VM Thread" [stack: 0x000000f3eac00000,0x000000f3ead00000] [id=11324]

Stack: [0x000000f3eac00000,0x000000f3ead00000]
[error occurred during error reporting (printing stack bounds), id 0xc0000005, EXCEPTION_ACCESS_VIOLATION (0xc0000005) at pc=0x000002c2b66b1267]

Native frames: (J=compiled Java code, j=interpreted, Vv=VM code, C=native code)
V  [jvm.dll+0x626eaa]
V  [jvm.dll+0x772c4a]
V  [jvm.dll+0x7743ff]
V  [jvm.dll+0x774965]
V  [jvm.dll+0x77491b]
V  [jvm.dll+0x6266df]
C  [ntdll.dll+0x7c13a]
C  [ntdll.dll+0x358f2]
C  [ntdll.dll+0xa76fe]
C  0x000002c2b66b1267

VM_Operation (0x000000f3ebdfcdb0): G1CollectForAllocation, mode: safepoint, requested by thread 0x000002c2ce2b1800


---------------  P R O C E S S  ---------------

Threads class SMR info:
_java_thread_list=0x000002c2cf7a3370, length=18, elements={
0x000002c2ae1c2800, 0x000002c2ccddd800, 0x000002c2ccddf800, 0x000002c2cdb20800,
0x000002c2cdb21000, 0x000002c2cdb23000, 0x000002c2cd641000, 0x000002c2ccd78000,
0x000002c2cd80c800, 0x000002c2cde0a000, 0x000002c2cddbd800, 0x000002c2cde74800,
0x000002c2ce2a5800, 0x000002c2ce2a6000, 0x000002c2ce2b1800, 0x000002c2ce2b7800,
0x000002c2ce2c7000, 0x000002c2ce2c3800
}

Java Threads: ( => current thread )
  0x000002c2ae1c2800 JavaThread "main" [_thread_blocked, id=8936, stack(0x000000f3ea600000,0x000000f3ea700000)]
  0x000002c2ccddd800 JavaThread "Reference Handler" daemon [_thread_blocked, id=9856, stack(0x000000f3ead00000,0x000000f3eae00000)]
  0x000002c2ccddf800 JavaThread "Finalizer" daemon [_thread_blocked, id=13964, stack(0x000000f3eae00000,0x000000f3eaf00000)]
  0x000002c2cdb20800 JavaThread "Signal Dispatcher" daemon [_thread_blocked, id=3016, stack(0x000000f3eaf00000,0x000000f3eb000000)]
  0x000002c2cdb21000 JavaThread "Attach Listener" daemon [_thread_blocked, id=14956, stack(0x000000f3eb000000,0x000000f3eb100000)]
  0x000002c2cdb23000 JavaThread "C1 CompilerThread0" daemon [_thread_blocked, id=7456, stack(0x000000f3eb100000,0x000000f3eb200000)]
  0x000002c2cd641000 JavaThread "Sweeper thread" daemon [_thread_blocked, id=3136, stack(0x000000f3eb200000,0x000000f3eb300000)]
  0x000002c2ccd78000 JavaThread "Common-Cleaner" daemon [_thread_blocked, id=15292, stack(0x000000f3eb300000,0x000000f3eb400000)]
  0x000002c2cd80c800 JavaThread "Service Thread" daemon [_thread_blocked, id=800, stack(0x000000f3eb400000,0x000000f3eb500000)]
  0x000002c2cde0a000 JavaThread "RMI TCP Accept-0" daemon [_thread_in_native, id=6148, stack(0x000000f3eb700000,0x000000f3eb800000)]
  0x000002c2cddbd800 JavaThread "RMI TCP Accept-63207" daemon [_thread_in_native, id=1372, stack(0x000000f3eb800000,0x000000f3eb900000)]
  0x000002c2cde74800 JavaThread "RMI TCP Accept-0" daemon [_thread_in_native, id=13024, stack(0x000000f3eb900000,0x000000f3eba00000)]
  0x000002c2ce2a5800 JavaThread "RMI TCP Connection(1)-127.0.0.1" daemon [_thread_in_native, id=14320, stack(0x000000f3ebb00000,0x000000f3ebc00000)]
  0x000002c2ce2a6000 JavaThread "Thread-0" [_thread_blocked, id=11404, stack(0x000000f3ebc00000,0x000000f3ebd00000)]
  0x000002c2ce2b1800 JavaThread "restartedMain" [_thread_blocked, id=7532, stack(0x000000f3ebd00000,0x000000f3ebe00000)]
  0x000002c2ce2b7800 JavaThread "RMI Scheduler(0)" daemon [_thread_blocked, id=12352, stack(0x000000f3ebe00000,0x000000f3ebf00000)]
  0x000002c2ce2c7000 JavaThread "RMI TCP Connection(2)-127.0.0.1" daemon [_thread_in_native, id=7436, stack(0x000000f3ebf00000,0x000000f3ec000000)]
  0x000002c2ce2c3800 JavaThread "JMX server connection timeout 23" daemon [_thread_blocked, id=9640, stack(0x000000f3ec000000,0x000000f3ec100000)]

Other Threads:
=>0x000002c2ccdda800 VMThread "VM Thread" [stack: 0x000000f3eac00000,0x000000f3ead00000] [id=11324]
  0x000002c2cde76800 WatcherThread [stack: 0x000000f3eba00000,0x000000f3ebb00000] [id=12660]
  0x000002c2ae206000 GCTaskThread "GC Thread#0" [stack: 0x000000f3ea700000,0x000000f3ea800000] [id=16784]
  0x000002c2cf310800 GCTaskThread "GC Thread#1" [stack: 0x000000f3eb500000,0x000000f3eb600000] [id=6968]
  0x000002c2cf45d000 GCTaskThread "GC Thread#2" [stack: 0x000000f3ec200000,0x000000f3ec300000] [id=1768]
  0x000002c2cf553800 GCTaskThread "GC Thread#3" [stack: 0x000000f3ec300000,0x000000f3ec400000] [id=8792]
  0x000002c2cf531000 GCTaskThread "GC Thread#4" [stack: 0x000000f3ec400000,0x000000f3ec500000] [id=17116]
  0x000002c2cf51d000 GCTaskThread "GC Thread#5" [stack: 0x000000f3ec500000,0x000000f3ec600000] [id=15904]
  0x000002c2cf4a4800 GCTaskThread "GC Thread#6" [stack: 0x000000f3ec600000,0x000000f3ec700000] [id=8504]
  0x000002c2cf4a5800 GCTaskThread "GC Thread#7" [stack: 0x000000f3ec700000,0x000000f3ec800000] [id=2348]
  0x000002c2ae217800 ConcurrentGCThread "G1 Main Marker" [stack: 0x000000f3ea800000,0x000000f3ea900000] [id=9680]
  0x000002c2ae218800 ConcurrentGCThread "G1 Conc#0" [stack: 0x000000f3ea900000,0x000000f3eaa00000] [id=17616]
  0x000002c2cd95b000 ConcurrentGCThread "G1 Conc#1" [stack: 0x000000f3eb600000,0x000000f3eb700000] [id=1900]
  0x000002c2ae28d800 ConcurrentGCThread "G1 Refine#0" [stack: 0x000000f3eaa00000,0x000000f3eab00000] [id=10012]
  0x000002c2ccc0a800 ConcurrentGCThread "G1 Young RemSet Sampling" [stack: 0x000000f3eab00000,0x000000f3eac00000] [id=13404]

Threads with active compile tasks:

VM state:at safepoint (normal execution)

VM Mutex/Monitor currently owned by a thread:  ([mutex/lock_event])
[0x000002c2ae1c0090] Threads_lock - owner thread: 0x000002c2ccdda800
[0x000002c2ae1bf160] Heap_lock - owner thread: 0x000002c2ce2b1800

Heap address: 0x0000000086000000, size: 1952 MB, Compressed Oops mode: 32-bit
Narrow klass base: 0x0000000000000000, Narrow klass shift: 3
Compressed class space size: 1073741824 Address: 0x0000000100000000

Heap:
 garbage-first heap   total 96256K, used 11511K [0x0000000086000000, 0x0000000100000000)
  region size 1024K, 3 young (3072K), 3 survivors (3072K)
 Metaspace       used 26254K, capacity 26952K, committed 27260K, reserved 1079296K
  class space    used 3103K, capacity 3352K, committed 3456K, reserved 1048576K
Heap Regions: E=young(eden), S=young(survivor), O=old, HS=humongous(starts), HC=humongous(continues), CS=collection set, F=free, A=archive, TAMS=top-at-mark-start (previous, next)
|   0|0x0000000086000000, 0x0000000086100000, 0x0000000086100000|100%|HS|  |TAMS 0x0000000086100000, 0x0000000086000000| Complete 
|   1|0x0000000086100000, 0x00000000861b3200, 0x0000000086200000| 69%| O|  |TAMS 0x00000000861b3200, 0x0000000086100000| Untracked 
|   2|0x0000000086200000, 0x0000000086300000, 0x0000000086300000|100%| O|  |TAMS 0x0000000086300000, 0x0000000086200000| Untracked 
|   3|0x0000000086300000, 0x0000000086400000, 0x0000000086400000|100%| O|  |TAMS 0x0000000086400000, 0x0000000086300000| Untracked 
|   4|0x0000000086400000, 0x0000000086500000, 0x0000000086500000|100%| O|  |TAMS 0x0000000086500000, 0x0000000086400000| Untracked 
|   5|0x0000000086500000, 0x0000000086600000, 0x0000000086600000|100%| O|  |TAMS 0x0000000086600000, 0x0000000086500000| Untracked 
|   6|0x0000000086600000, 0x000000008660aa00, 0x0000000086700000|  4%| O|  |TAMS 0x000000008660aa00, 0x0000000086600000| Untracked 
|   7|0x0000000086700000, 0x0000000086800000, 0x0000000086800000|100%| O|  |TAMS 0x0000000086700000, 0x0000000086700000| Untracked 
|   8|0x0000000086800000, 0x0000000086900000, 0x0000000086900000|100%| O|  |TAMS 0x0000000086900000, 0x0000000086800000| Untracked 
|   9|0x0000000086900000, 0x00000000869de800, 0x0000000086a00000| 86%| O|  |TAMS 0x0000000086900000, 0x0000000086900000| Untracked 
|  10|0x0000000086a00000, 0x0000000086a00000, 0x0000000086b00000|  0%| F|  |TAMS 0x0000000086a00000, 0x0000000086a00000| Untracked 
|  11|0x0000000086b00000, 0x0000000086b00000, 0x0000000086c00000|  0%| F|  |TAMS 0x0000000086b00000, 0x0000000086b00000| Untracked 
|  12|0x0000000086c00000, 0x0000000086c00000, 0x0000000086d00000|  0%| F|  |TAMS 0x0000000086c00000, 0x0000000086c00000| Untracked 
|  13|0x0000000086d00000, 0x0000000086d00000, 0x0000000086e00000|  0%| F|  |TAMS 0x0000000086d00000, 0x0000000086d00000| Untracked 
|  14|0x0000000086e00000, 0x0000000086e00000, 0x0000000086f00000|  0%| F|  |TAMS 0x0000000086e00000, 0x0000000086e00000| Untracked 
|  15|0x0000000086f00000, 0x0000000086f00000, 0x0000000087000000|  0%| F|  |TAMS 0x0000000086f00000, 0x0000000086f00000| Untracked 
|  16|0x0000000087000000, 0x0000000087000000, 0x0000000087100000|  0%| F|  |TAMS 0x0000000087000000, 0x0000000087000000| Untracked 
|  17|0x0000000087100000, 0x0000000087100000, 0x0000000087200000|  0%| F|  |TAMS 0x0000000087100000, 0x0000000087100000| Untracked 
|  18|0x0000000087200000, 0x0000000087200000, 0x0000000087300000|  0%| F|  |TAMS 0x0000000087200000, 0x0000000087200000| Untracked 
|  19|0x0000000087300000, 0x0000000087300000, 0x0000000087400000|  0%| F|  |TAMS 0x0000000087300000, 0x0000000087300000| Untracked 
|  20|0x0000000087400000, 0x0000000087400000, 0x0000000087500000|  0%| F|  |TAMS 0x0000000087400000, 0x0000000087400000| Untracked 
|  21|0x0000000087500000, 0x0000000087500000, 0x0000000087600000|  0%| F|  |TAMS 0x0000000087500000, 0x0000000087500000| Untracked 
|  22|0x0000000087600000, 0x0000000087600000, 0x0000000087700000|  0%| F|  |TAMS 0x0000000087600000, 0x0000000087600000| Untracked 
|  23|0x0000000087700000, 0x0000000087700000, 0x0000000087800000|  0%| F|  |TAMS 0x0000000087700000, 0x0000000087700000| Untracked 
|  24|0x0000000087800000, 0x0000000087800000, 0x0000000087900000|  0%| F|  |TAMS 0x0000000087800000, 0x0000000087800000| Untracked 
|  25|0x0000000087900000, 0x0000000087900000, 0x0000000087a00000|  0%| F|  |TAMS 0x0000000087900000, 0x0000000087900000| Untracked 
|  26|0x0000000087a00000, 0x0000000087a00000, 0x0000000087b00000|  0%| F|  |TAMS 0x0000000087a00000, 0x0000000087a00000| Untracked 
|  27|0x0000000087b00000, 0x0000000087ba1840, 0x0000000087c00000| 63%| S|CS|TAMS 0x0000000087b00000, 0x0000000087b00000| Complete 
|  28|0x0000000087c00000, 0x0000000087c00000, 0x0000000087d00000|  0%| F|  |TAMS 0x0000000087c00000, 0x0000000087c00000| Untracked 
|  29|0x0000000087d00000, 0x0000000087e00000, 0x0000000087e00000|100%| S|CS|TAMS 0x0000000087d00000, 0x0000000087d00000| Complete 
|  30|0x0000000087e00000, 0x0000000087f00000, 0x0000000087f00000|100%| S|CS|TAMS 0x0000000087e00000, 0x0000000087e00000| Complete 
|  31|0x0000000087f00000, 0x0000000087f00000, 0x0000000088000000|  0%| F|  |TAMS 0x0000000087f00000, 0x0000000087f00000| Untracked 
|  32|0x0000000088000000, 0x0000000088000000, 0x0000000088100000|  0%| F|  |TAMS 0x0000000088000000, 0x0000000088000000| Untracked 
|  33|0x0000000088100000, 0x0000000088100000, 0x0000000088200000|  0%| F|  |TAMS 0x0000000088100000, 0x0000000088100000| Untracked 
|  34|0x0000000088200000, 0x0000000088200000, 0x0000000088300000|  0%| F|  |TAMS 0x0000000088200000, 0x0000000088200000| Untracked 
|  35|0x0000000088300000, 0x0000000088300000, 0x0000000088400000|  0%| F|  |TAMS 0x0000000088300000, 0x0000000088300000| Untracked 
|  36|0x0000000088400000, 0x0000000088400000, 0x0000000088500000|  0%| F|  |TAMS 0x0000000088400000, 0x0000000088400000| Untracked 
|  37|0x0000000088500000, 0x0000000088500000, 0x0000000088600000|  0%| F|  |TAMS 0x0000000088500000, 0x0000000088500000| Untracked 
|  38|0x0000000088600000, 0x0000000088600000, 0x0000000088700000|  0%| F|  |TAMS 0x0000000088600000, 0x0000000088600000| Untracked 
|  39|0x0000000088700000, 0x0000000088700000, 0x0000000088800000|  0%| F|  |TAMS 0x0000000088700000, 0x0000000088700000| Untracked 
|  40|0x0000000088800000, 0x0000000088800000, 0x0000000088900000|  0%| F|  |TAMS 0x0000000088800000, 0x0000000088800000| Untracked 
|  41|0x0000000088900000, 0x0000000088900000, 0x0000000088a00000|  0%| F|  |TAMS 0x0000000088900000, 0x0000000088900000| Untracked 
|  42|0x0000000088a00000, 0x0000000088a00000, 0x0000000088b00000|  0%| F|  |TAMS 0x0000000088a00000, 0x0000000088a00000| Untracked 
|  43|0x0000000088b00000, 0x0000000088b00000, 0x0000000088c00000|  0%| F|  |TAMS 0x0000000088b00000, 0x0000000088b00000| Untracked 
|  44|0x0000000088c00000, 0x0000000088c00000, 0x0000000088d00000|  0%| F|  |TAMS 0x0000000088c00000, 0x0000000088c00000| Untracked 
|  45|0x0000000088d00000, 0x0000000088d00000, 0x0000000088e00000|  0%| F|  |TAMS 0x0000000088d00000, 0x0000000088d00000| Untracked 
|  46|0x0000000088e00000, 0x0000000088e00000, 0x0000000088f00000|  0%| F|  |TAMS 0x0000000088e00000, 0x0000000088e00000| Untracked 
|  47|0x0000000088f00000, 0x0000000088f00000, 0x0000000089000000|  0%| F|  |TAMS 0x0000000088f00000, 0x0000000088f00000| Untracked 
|  48|0x0000000089000000, 0x0000000089000000, 0x0000000089100000|  0%| F|  |TAMS 0x0000000089000000, 0x0000000089000000| Untracked 
|  49|0x0000000089100000, 0x0000000089100000, 0x0000000089200000|  0%| F|  |TAMS 0x0000000089100000, 0x0000000089100000| Untracked 
|  50|0x0000000089200000, 0x0000000089200000, 0x0000000089300000|  0%| F|  |TAMS 0x0000000089200000, 0x0000000089200000| Untracked 
|  51|0x0000000089300000, 0x0000000089300000, 0x0000000089400000|  0%| F|  |TAMS 0x0000000089300000, 0x0000000089300000| Untracked 
|  52|0x0000000089400000, 0x0000000089400000, 0x0000000089500000|  0%| F|  |TAMS 0x0000000089400000, 0x0000000089400000| Untracked 
|  53|0x0000000089500000, 0x0000000089500000, 0x0000000089600000|  0%| F|  |TAMS 0x0000000089500000, 0x0000000089500000| Untracked 
|  54|0x0000000089600000, 0x0000000089600000, 0x0000000089700000|  0%| F|  |TAMS 0x0000000089600000, 0x0000000089600000| Untracked 
|  55|0x0000000089700000, 0x0000000089700000, 0x0000000089800000|  0%| F|  |TAMS 0x0000000089700000, 0x0000000089700000| Untracked 
|  56|0x0000000089800000, 0x0000000089800000, 0x0000000089900000|  0%| F|  |TAMS 0x0000000089800000, 0x0000000089800000| Untracked 
|  57|0x0000000089900000, 0x0000000089900000, 0x0000000089a00000|  0%| F|  |TAMS 0x0000000089900000, 0x0000000089900000| Untracked 
|  58|0x0000000089a00000, 0x0000000089a00000, 0x0000000089b00000|  0%| F|  |TAMS 0x0000000089a00000, 0x0000000089a00000| Untracked 
|  59|0x0000000089b00000, 0x0000000089b00000, 0x0000000089c00000|  0%| F|  |TAMS 0x0000000089b00000, 0x0000000089b00000| Untracked 
|  60|0x0000000089c00000, 0x0000000089c00000, 0x0000000089d00000|  0%| F|  |TAMS 0x0000000089c00000, 0x0000000089c00000| Untracked 
|  61|0x0000000089d00000, 0x0000000089d00000, 0x0000000089e00000|  0%| F|  |TAMS 0x0000000089d00000, 0x0000000089d00000| Untracked 
|  62|0x0000000089e00000, 0x0000000089e00000, 0x0000000089f00000|  0%| F|  |TAMS 0x0000000089e00000, 0x0000000089e00000| Untracked 
|  63|0x0000000089f00000, 0x0000000089f00000, 0x000000008a000000|  0%| F|  |TAMS 0x0000000089f00000, 0x0000000089f00000| Untracked 
|  64|0x000000008a000000, 0x000000008a000000, 0x000000008a100000|  0%| F|  |TAMS 0x000000008a000000, 0x000000008a000000| Untracked 
|  65|0x000000008a100000, 0x000000008a100000, 0x000000008a200000|  0%| F|  |TAMS 0x000000008a100000, 0x000000008a100000| Untracked 
|  66|0x000000008a200000, 0x000000008a200000, 0x000000008a300000|  0%| F|  |TAMS 0x000000008a200000, 0x000000008a200000| Untracked 
|  67|0x000000008a300000, 0x000000008a300000, 0x000000008a400000|  0%| F|  |TAMS 0x000000008a300000, 0x000000008a300000| Untracked 
|  68|0x000000008a400000, 0x000000008a400000, 0x000000008a500000|  0%| F|  |TAMS 0x000000008a400000, 0x000000008a400000| Untracked 
|  69|0x000000008a500000, 0x000000008a500000, 0x000000008a600000|  0%| F|  |TAMS 0x000000008a500000, 0x000000008a500000| Untracked 
|  70|0x000000008a600000, 0x000000008a600000, 0x000000008a700000|  0%| F|  |TAMS 0x000000008a600000, 0x000000008a600000| Untracked 
| 112|0x000000008d000000, 0x000000008d000000, 0x000000008d100000|  0%| F|  |TAMS 0x000000008d000000, 0x000000008d000000| Untracked 
| 113|0x000000008d100000, 0x000000008d100000, 0x000000008d200000|  0%| F|  |TAMS 0x000000008d100000, 0x000000008d100000| Untracked 
| 114|0x000000008d200000, 0x000000008d200000, 0x000000008d300000|  0%| F|  |TAMS 0x000000008d200000, 0x000000008d200000| Untracked 
| 121|0x000000008d900000, 0x000000008d900000, 0x000000008da00000|  0%| F|  |TAMS 0x000000008d900000, 0x000000008d900000| Untracked 

Card table byte_map: [0x000002c2c5ed0000,0x000002c2c62a0000] _byte_map_base: 0x000002c2c5aa0000

Marking Bits (Prev, Next): (CMBitMap*) 0x000002c2ae206c98, (CMBitMap*) 0x000002c2ae206cd8
 Prev Bits: [0x000002c2c6670000, 0x000002c2c84f0000)
 Next Bits: [0x000002c2c84f0000, 0x000002c2ca370000)

Polling page: 0x000002c2ac130000

Metaspace:

Usage:
  Non-class:     23.05 MB capacity,    22.61 MB ( 98%) used,   373.38 KB (  2%) free+waste,    75.31 KB ( <1%) overhead. 
      Class:      3.27 MB capacity,     3.03 MB ( 93%) used,   211.10 KB (  6%) free+waste,    37.63 KB (  1%) overhead. 
       Both:     26.32 MB capacity,    25.64 MB ( 97%) used,   584.48 KB (  2%) free+waste,   112.94 KB ( <1%) overhead. 

Virtual space:
  Non-class space:       30.00 MB reserved,      23.25 MB ( 77%) committed 
      Class space:        1.00 GB reserved,       3.38 MB ( <1%) committed 
             Both:        1.03 GB reserved,      26.62 MB (  3%) committed 

Chunk freelists:
   Non-Class:  12.00 KB
       Class:  8.00 KB
        Both:  20.00 KB

MaxMetaspaceSize: 17179869184.00 GB
CompressedClassSpaceSize: 1.00 GB

CodeHeap 'non-profiled nmethods': size=238336Kb used=3791Kb max_used=3791Kb free=234544Kb
 bounds [0x000002c2b6df0000, 0x000002c2b71b0000, 0x000002c2c56b0000]
CodeHeap 'non-nmethods': size=7424Kb used=1206Kb max_used=1206Kb free=6217Kb
 bounds [0x000002c2b66b0000, 0x000002c2b6920000, 0x000002c2b6df0000]
 total_blobs=3142 nmethods=2404 adapters=377
 compilation: enabled
              stopped_count=0, restarted_count=0
 full_count=0

Compilation events (20 events):
Event: 2.916 Thread 0x000002c2cdb23000 2408       1       org.springframework.core.annotation.TypeMappedAnnotation::getAggregateIndex (5 bytes)
Event: 2.916 Thread 0x000002c2cdb23000 nmethod 2408 0x000002c2b719de10 code [0x000002c2b719dfa0, 0x000002c2b719e0b8]
Event: 2.929 Thread 0x000002c2cdb23000 2411       1       org.springframework.core.type.classreading.SimpleMethodMetadataReadingVisitor::getSource (36 bytes)
Event: 2.929 Thread 0x000002c2cdb23000 nmethod 2411 0x000002c2b719e110 code [0x000002c2b719e2c0, 0x000002c2b719e5b8]
Event: 2.940 Thread 0x000002c2cdb23000 2412       1       org.springframework.core.type.classreading.SimpleMethodMetadataReadingVisitor::visitAnnotation (28 bytes)
Event: 2.941 Thread 0x000002c2cdb23000 nmethod 2412 0x000002c2b719e690 code [0x000002c2b719e840, 0x000002c2b719eaa0]
Event: 2.941 Thread 0x000002c2cdb23000 2413       1       org.springframework.core.type.classreading.SimpleMethodMetadataReadingVisitor$$Lambda$374/0x000000010033e040::get$Lambda (9 bytes)
Event: 2.941 Thread 0x000002c2cdb23000 nmethod 2413 0x000002c2b719ec10 code [0x000002c2b719eda0, 0x000002c2b719ef38]
Event: 2.941 Thread 0x000002c2cdb23000 2414       1       org.springframework.core.type.classreading.SimpleMethodMetadataReadingVisitor$$Lambda$374/0x000000010033e040::<init> (10 bytes)
Event: 2.941 Thread 0x000002c2cdb23000 nmethod 2414 0x000002c2b719f010 code [0x000002c2b719f1a0, 0x000002c2b719f2f8]
Event: 2.946 Thread 0x000002c2cdb23000 2415       1       sun.reflect.annotation.AnnotationParser::parseSig (62 bytes)
Event: 2.947 Thread 0x000002c2cdb23000 nmethod 2415 0x000002c2b719f390 code [0x000002c2b719f5c0, 0x000002c2b719fc20]
Event: 2.947 Thread 0x000002c2cdb23000 2416       1       sun.reflect.generics.parser.SignatureParser::parseTypeSig (10 bytes)
Event: 2.947 Thread 0x000002c2cdb23000 nmethod 2416 0x000002c2b719fe90 code [0x000002c2b71a0040, 0x000002c2b71a01d0]
Event: 2.947 Thread 0x000002c2cdb23000 2417       1       sun.reflect.annotation.AnnotationParser::toClass (32 bytes)
Event: 2.948 Thread 0x000002c2cdb23000 nmethod 2417 0x000002c2b71a0290 code [0x000002c2b71a0480, 0x000002c2b71a0830]
Event: 2.948 Thread 0x000002c2cdb23000 2418       1       jdk.internal.loader.AbstractClassLoaderValue::map (20 bytes)
Event: 2.948 Thread 0x000002c2cdb23000 nmethod 2418 0x000002c2b71a0a10 code [0x000002c2b71a0bc0, 0x000002c2b71a0d10]
Event: 2.957 Thread 0x000002c2cdb23000 2419   !   1       java.util.concurrent.ConcurrentHashMap::transfer (849 bytes)
Event: 2.961 Thread 0x000002c2cdb23000 nmethod 2419 0x000002c2b71a0e10 code [0x000002c2b71a1100, 0x000002c2b71a2bf0]

GC Heap History (20 events):
Event: 1.955 GC heap after
{Heap after GC invocations=11 (full 0):
 garbage-first heap   total 20480K, used 7275K [0x0000000086000000, 0x0000000100000000)
  region size 1024K, 1 young (1024K), 1 survivors (1024K)
 Metaspace       used 15134K, capacity 15453K, committed 15616K, reserved 1069056K
  class space    used 1597K, capacity 1712K, committed 1792K, reserved 1048576K
}
Event: 1.956 GC heap before
{Heap before GC invocations=11 (full 0):
 garbage-first heap   total 20480K, used 12395K [0x0000000086000000, 0x0000000100000000)
  region size 1024K, 7 young (7168K), 1 survivors (1024K)
 Metaspace       used 15134K, capacity 15453K, committed 15616K, reserved 1069056K
  class space    used 1597K, capacity 1712K, committed 1792K, reserved 1048576K
}
Event: 1.957 GC heap after
{Heap after GC invocations=12 (full 0):
 garbage-first heap   total 20480K, used 7270K [0x0000000086000000, 0x0000000100000000)
  region size 1024K, 1 young (1024K), 1 survivors (1024K)
 Metaspace       used 15134K, capacity 15453K, committed 15616K, reserved 1069056K
  class space    used 1597K, capacity 1712K, committed 1792K, reserved 1048576K
}
Event: 1.970 GC heap before
{Heap before GC invocations=12 (full 0):
 garbage-first heap   total 20480K, used 12390K [0x0000000086000000, 0x0000000100000000)
  region size 1024K, 7 young (7168K), 1 survivors (1024K)
 Metaspace       used 15135K, capacity 15453K, committed 15616K, reserved 1069056K
  class space    used 1597K, capacity 1712K, committed 1792K, reserved 1048576K
}
Event: 1.972 GC heap after
{Heap after GC invocations=13 (full 0):
 garbage-first heap   total 72704K, used 7141K [0x0000000086000000, 0x0000000100000000)
  region size 1024K, 1 young (1024K), 1 survivors (1024K)
 Metaspace       used 15135K, capacity 15453K, committed 15616K, reserved 1069056K
  class space    used 1597K, capacity 1712K, committed 1792K, reserved 1048576K
}
Event: 2.377 GC heap before
{Heap before GC invocations=13 (full 0):
 garbage-first heap   total 72704K, used 42981K [0x0000000086000000, 0x0000000100000000)
  region size 1024K, 36 young (36864K), 1 survivors (1024K)
 Metaspace       used 20944K, capacity 21524K, committed 21628K, reserved 1075200K
  class space    used 2423K, capacity 2651K, committed 2688K, reserved 1048576K
}
Event: 2.381 GC heap after
{Heap after GC invocations=14 (full 0):
 garbage-first heap   total 72704K, used 8985K [0x0000000086000000, 0x0000000100000000)
  region size 1024K, 3 young (3072K), 3 survivors (3072K)
 Metaspace       used 20944K, capacity 21524K, committed 21628K, reserved 1075200K
  class space    used 2423K, capacity 2651K, committed 2688K, reserved 1048576K
}
Event: 2.382 GC heap before
{Heap before GC invocations=14 (full 0):
 garbage-first heap   total 72704K, used 8985K [0x0000000086000000, 0x0000000100000000)
  region size 1024K, 4 young (4096K), 3 survivors (3072K)
 Metaspace       used 20965K, capacity 21524K, committed 21628K, reserved 1075200K
  class space    used 2424K, capacity 2651K, committed 2688K, reserved 1048576K
}
Event: 2.385 GC heap after
{Heap after GC invocations=15 (full 0):
 garbage-first heap   total 72704K, used 9060K [0x0000000086000000, 0x0000000100000000)
  region size 1024K, 3 young (3072K), 3 survivors (3072K)
 Metaspace       used 20965K, capacity 21524K, committed 21628K, reserved 1075200K
  class space    used 2424K, capacity 2651K, committed 2688K, reserved 1048576K
}
Event: 2.562 GC heap before
{Heap before GC invocations=16 (full 0):
 garbage-first heap   total 45056K, used 42852K [0x0000000086000000, 0x0000000100000000)
  region size 1024K, 36 young (36864K), 3 survivors (3072K)
 Metaspace       used 25533K, capacity 26195K, committed 26364K, reserved 1079296K
  class space    used 2996K, capacity 3248K, committed 3328K, reserved 1048576K
}
Event: 2.565 GC heap after
{Heap after GC invocations=17 (full 0):
 garbage-first heap   total 48128K, used 9766K [0x0000000086000000, 0x0000000100000000)
  region size 1024K, 3 young (3072K), 3 survivors (3072K)
 Metaspace       used 25533K, capacity 26195K, committed 26364K, reserved 1079296K
  class space    used 2996K, capacity 3248K, committed 3328K, reserved 1048576K
}
Event: 2.678 GC heap before
{Heap before GC invocations=17 (full 0):
 garbage-first heap   total 48128K, used 35366K [0x0000000086000000, 0x0000000100000000)
  region size 1024K, 28 young (28672K), 3 survivors (3072K)
 Metaspace       used 26243K, capacity 26952K, committed 27260K, reserved 1079296K
  class space    used 3100K, capacity 3352K, committed 3456K, reserved 1048576K
}
Event: 2.681 GC heap after
{Heap after GC invocations=18 (full 0):
 garbage-first heap   total 76800K, used 10865K [0x0000000086000000, 0x0000000100000000)
  region size 1024K, 2 young (2048K), 2 survivors (2048K)
 Metaspace       used 26243K, capacity 26952K, committed 27260K, reserved 1079296K
  class space    used 3100K, capacity 3352K, committed 3456K, reserved 1048576K
}
Event: 2.834 GC heap before
{Heap before GC invocations=18 (full 0):
 garbage-first heap   total 76800K, used 51825K [0x0000000086000000, 0x0000000100000000)
  region size 1024K, 42 young (43008K), 2 survivors (2048K)
 Metaspace       used 26248K, capacity 26952K, committed 27260K, reserved 1079296K
  class space    used 3101K, capacity 3352K, committed 3456K, reserved 1048576K
}
Event: 2.837 GC heap after
{Heap after GC invocations=19 (full 0):
 garbage-first heap   total 76800K, used 11194K [0x0000000086000000, 0x0000000100000000)
  region size 1024K, 3 young (3072K), 3 survivors (3072K)
 Metaspace       used 26248K, capacity 26952K, committed 27260K, reserved 1079296K
  class space    used 3101K, capacity 3352K, committed 3456K, reserved 1048576K
}
Event: 2.948 GC heap before
{Heap before GC invocations=19 (full 0):
 garbage-first heap   total 76800K, used 52154K [0x0000000086000000, 0x0000000100000000)
  region size 1024K, 43 young (44032K), 3 survivors (3072K)
 Metaspace       used 26254K, capacity 26952K, committed 27260K, reserved 1079296K
  class space    used 3103K, capacity 3352K, committed 3456K, reserved 1048576K
}
Event: 2.950 GC heap after
{Heap after GC invocations=20 (full 0):
 garbage-first heap   total 76800K, used 11433K [0x0000000086000000, 0x0000000100000000)
  region size 1024K, 3 young (3072K), 3 survivors (3072K)
 Metaspace       used 26254K, capacity 26952K, committed 27260K, reserved 1079296K
  class space    used 3103K, capacity 3352K, committed 3456K, reserved 1048576K
}
Event: 2.972 GC heap before
{Heap before GC invocations=20 (full 0):
 garbage-first heap   total 76800K, used 53417K [0x0000000086000000, 0x0000000100000000)
  region size 1024K, 44 young (45056K), 3 survivors (3072K)
 Metaspace       used 26254K, capacity 26952K, committed 27260K, reserved 1079296K
  class space    used 3103K, capacity 3352K, committed 3456K, reserved 1048576K
}
Event: 2.976 GC heap after
{Heap after GC invocations=21 (full 0):
 garbage-first heap   total 76800K, used 11489K [0x0000000086000000, 0x0000000100000000)
  region size 1024K, 3 young (3072K), 3 survivors (3072K)
 Metaspace       used 26254K, capacity 26952K, committed 27260K, reserved 1079296K
  class space    used 3103K, capacity 3352K, committed 3456K, reserved 1048576K
}
Event: 2.998 GC heap before
{Heap before GC invocations=21 (full 0):
 garbage-first heap   total 76800K, used 54497K [0x0000000086000000, 0x0000000100000000)
  region size 1024K, 45 young (46080K), 3 survivors (3072K)
 Metaspace       used 26254K, capacity 26952K, committed 27260K, reserved 1079296K
  class space    used 3103K, capacity 3352K, committed 3456K, reserved 1048576K
}

Deoptimization events (0 events):
No events

Classes unloaded (0 events):
No events

Classes redefined (0 events):
No events

Internal exceptions (20 events):
Event: 2.521 Thread 0x000002c2ce2b1800 Exception <a 'java/lang/IncompatibleClassChangeError'{0x00000000870212e0}: Found class java.lang.Object, but interface was expected> (0x00000000870212e0) 
thrown [t:/workspace/open/src/hotspot/share/interpreter/linkResolver.cpp, line 833]
Event: 2.527 Thread 0x000002c2ce2b1800 Exception <a 'java/lang/ClassNotFoundException'{0x00000000870576f8}: org/springframework/context/annotation/ConfigurationClassPostProcessorCustomizer> (0x00000000870576f8) 
thrown [t:/workspace/open/src/hotspot/share/classfile/systemDictionary.cpp, line 232]
Event: 2.531 Thread 0x000002c2ce2b1800 Exception <a 'java/lang/ClassNotFoundException'{0x0000000086e12720}: org/springframework/beans/factory/support/BeanDefinitionRegistryPostProcessorCustomizer> (0x0000000086e12720) 
thrown [t:/workspace/open/src/hotspot/share/classfile/systemDictionary.cpp, line 232]
Event: 2.531 Thread 0x000002c2ce2b1800 Exception <a 'java/lang/ClassNotFoundException'{0x0000000086e2f288}: org/springframework/beans/factory/config/BeanFactoryPostProcessorCustomizer> (0x0000000086e2f288) 
thrown [t:/workspace/open/src/hotspot/share/classfile/systemDictionary.cpp, line 232]
Event: 2.532 Thread 0x000002c2ce2b1800 Exception <a 'java/lang/ClassNotFoundException'{0x0000000086e477c8}: org/springframework/core/PriorityOrderedCustomizer> (0x0000000086e477c8) 
thrown [t:/workspace/open/src/hotspot/share/classfile/systemDictionary.cpp, line 232]
Event: 2.533 Thread 0x000002c2ce2b1800 Exception <a 'java/lang/ClassNotFoundException'{0x0000000086e5d3f8}: org/springframework/core/OrderedCustomizer> (0x0000000086e5d3f8) 
thrown [t:/workspace/open/src/hotspot/share/classfile/systemDictionary.cpp, line 232]
Event: 2.533 Thread 0x000002c2ce2b1800 Exception <a 'java/lang/ClassNotFoundException'{0x0000000086e76910}: org/springframework/context/ResourceLoaderAwareCustomizer> (0x0000000086e76910) 
thrown [t:/workspace/open/src/hotspot/share/classfile/systemDictionary.cpp, line 232]
Event: 2.534 Thread 0x000002c2ce2b1800 Exception <a 'java/lang/ClassNotFoundException'{0x0000000086d0e6c0}: org/springframework/beans/factory/AwareCustomizer> (0x0000000086d0e6c0) 
thrown [t:/workspace/open/src/hotspot/share/classfile/systemDictionary.cpp, line 232]
Event: 2.534 Thread 0x000002c2ce2b1800 Exception <a 'java/lang/ClassNotFoundException'{0x0000000086d277a0}: org/springframework/context/ApplicationStartupAwareCustomizer> (0x0000000086d277a0) 
thrown [t:/workspace/open/src/hotspot/share/classfile/systemDictionary.cpp, line 232]
Event: 2.535 Thread 0x000002c2ce2b1800 Exception <a 'java/lang/ClassNotFoundException'{0x0000000086d3fb08}: org/springframework/beans/factory/AwareCustomizer> (0x0000000086d3fb08) 
thrown [t:/workspace/open/src/hotspot/share/classfile/systemDictionary.cpp, line 232]
Event: 2.535 Thread 0x000002c2ce2b1800 Exception <a 'java/lang/ClassNotFoundException'{0x0000000086d596a0}: org/springframework/beans/factory/BeanClassLoaderAwareCustomizer> (0x0000000086d596a0) 
thrown [t:/workspace/open/src/hotspot/share/classfile/systemDictionary.cpp, line 232]
Event: 2.536 Thread 0x000002c2ce2b1800 Exception <a 'java/lang/ClassNotFoundException'{0x0000000086d717a8}: org/springframework/beans/factory/AwareCustomizer> (0x0000000086d717a8) 
thrown [t:/workspace/open/src/hotspot/share/classfile/systemDictionary.cpp, line 232]
Event: 2.536 Thread 0x000002c2ce2b1800 Exception <a 'java/lang/ClassNotFoundException'{0x0000000086c096d0}: org/springframework/context/EnvironmentAwareCustomizer> (0x0000000086c096d0) 
thrown [t:/workspace/open/src/hotspot/share/classfile/systemDictionary.cpp, line 232]
Event: 2.536 Thread 0x000002c2ce2b1800 Exception <a 'java/lang/ClassNotFoundException'{0x0000000086c21750}: org/springframework/beans/factory/AwareCustomizer> (0x0000000086c21750) 
thrown [t:/workspace/open/src/hotspot/share/classfile/systemDictionary.cpp, line 232]
Event: 2.543 Thread 0x000002c2ce2c7000 Exception <a 'java/lang/reflect/InvocationTargetException'{0x0000000086a01df8}> (0x0000000086a01df8) 
thrown [t:/workspace/open/src/hotspot/share/runtime/reflection.cpp, line 1188]
Event: 2.585 Thread 0x000002c2cf421000 Exception <a 'java/lang/NoSuchMethodError'{0x000000008d0efda0}: 'long java.lang.invoke.DirectMethodHandle$Holder.invokeStatic(java.lang.Object, java.lang.Object)'> (0x000000008d0efda0) 
thrown [t:/workspace/open/src/hotspot/share/interpreter/linkResolver.cpp, line 767]
Event: 2.585 Thread 0x000002c2cf421000 Exception <a 'java/lang/NoSuchMethodError'{0x000000008d0f2aa8}: 'long java.lang.invoke.DirectMethodHandle$Holder.invokeStaticInit(java.lang.Object, java.lang.Object)'> (0x000000008d0f2aa8) 
thrown [t:/workspace/open/src/hotspot/share/interpreter/linkResolver.cpp, line 767]
Event: 2.586 Thread 0x000002c2cf421000 Exception <a 'java/lang/NoSuchMethodError'{0x000000008d0fe528}: 'long java.lang.invoke.DirectMethodHandle$Holder.invokeInterface(java.lang.Object, java.lang.Object)'> (0x000000008d0fe528) 
thrown [t:/workspace/open/src/hotspot/share/interpreter/linkResolver.cpp, line 767]
Event: 2.587 Thread 0x000002c2cf421000 Exception <a 'java/lang/IncompatibleClassChangeError'{0x0000000088696528}: Found class java.lang.Object, but interface was expected> (0x0000000088696528) 
thrown [t:/workspace/open/src/hotspot/share/interpreter/linkResolver.cpp, line 833]
Event: 2.598 Thread 0x000002c2cf421000 Exception <a 'java/lang/NoSuchMethodError'{0x000000008815e968}: 'java.lang.Object java.lang.invoke.DirectMethodHandle$Holder.invokeVirtual(java.lang.Object, java.lang.Object, java.lang.Object, java.lang.Object)'> (0x000000008815e968) 
thrown [t:/workspace/open/src/hotspot/share/interpreter/linkResolver.cpp, line 767]

Events (20 events):
Event: 2.722 Loaded shared library C:\Users\kevin\Downloads\openjdk-13+33_windows-x64_bin\jdk-13\bin\zip.dll
Event: 2.722 Loaded shared library C:\Users\kevin\Downloads\openjdk-13+33_windows-x64_bin\jdk-13\bin\zip.dll
Event: 2.723 Loaded shared library C:\Users\kevin\Downloads\openjdk-13+33_windows-x64_bin\jdk-13\bin\zip.dll
Event: 2.735 Loaded shared library C:\Users\kevin\Downloads\openjdk-13+33_windows-x64_bin\jdk-13\bin\nio.dll
Event: 2.736 Loaded shared library C:\Users\kevin\Downloads\openjdk-13+33_windows-x64_bin\jdk-13\bin\nio.dll
Event: 2.737 Loaded shared library C:\Users\kevin\Downloads\openjdk-13+33_windows-x64_bin\jdk-13\bin\nio.dll
Event: 2.738 Loaded shared library C:\Users\kevin\Downloads\openjdk-13+33_windows-x64_bin\jdk-13\bin\nio.dll
Event: 2.834 Executing VM operation: G1CollectForAllocation
Event: 2.837 Executing VM operation: G1CollectForAllocation done
Event: 2.902 loading class com/fasterxml/jackson/annotation/JacksonAnnotation
Event: 2.902 loading class com/fasterxml/jackson/annotation/JacksonAnnotation done
Event: 2.945 loading class com/fasterxml/jackson/annotation/JsonIgnore
Event: 2.945 loading class com/fasterxml/jackson/annotation/JsonIgnore done
Event: 2.945 Executing VM operation: RevokeBias
Event: 2.946 Executing VM operation: RevokeBias done
Event: 2.948 Executing VM operation: G1CollectForAllocation
Event: 2.950 Executing VM operation: G1CollectForAllocation done
Event: 2.972 Executing VM operation: G1CollectForAllocation
Event: 2.976 Executing VM operation: G1CollectForAllocation done
Event: 2.998 Executing VM operation: G1CollectForAllocation


Dynamic libraries:
0x00007ff64a2e0000 - 0x00007ff64a2ed000 	C:\Users\kevin\Downloads\openjdk-13+33_windows-x64_bin\jdk-13\bin\javaw.exe
0x00007ffb5e8a0000 - 0x00007ffb5eaa9000 	C:\WINDOWS\SYSTEM32\ntdll.dll
0x00007ffb5d3f0000 - 0x00007ffb5d4ad000 	C:\WINDOWS\System32\KERNEL32.DLL
0x00007ffb5c3c0000 - 0x00007ffb5c734000 	C:\WINDOWS\System32\KERNELBASE.dll
0x00007ffb5c270000 - 0x00007ffb5c381000 	C:\WINDOWS\System32\ucrtbase.dll
0x00007ffb56b30000 - 0x00007ffb56b48000 	C:\Users\kevin\Downloads\openjdk-13+33_windows-x64_bin\jdk-13\bin\jli.dll
0x00007ffb56b10000 - 0x00007ffb56b25000 	C:\Users\kevin\Downloads\openjdk-13+33_windows-x64_bin\jdk-13\bin\VCRUNTIME140.dll
0x00007ffb5d5d0000 - 0x00007ffb5d77c000 	C:\WINDOWS\System32\USER32.dll
0x00007ffb44ad0000 - 0x00007ffb44d75000 	C:\WINDOWS\WinSxS\amd64_microsoft.windows.common-controls_6595b64144ccf1df_6.0.22000.120_none_9d947278b86cc467\COMCTL32.dll
0x00007ffb5c390000 - 0x00007ffb5c3b6000 	C:\WINDOWS\System32\win32u.dll
0x00007ffb5db90000 - 0x00007ffb5dbb9000 	C:\WINDOWS\System32\GDI32.dll
0x00007ffb5e4a0000 - 0x00007ffb5e543000 	C:\WINDOWS\System32\msvcrt.dll
0x00007ffb5bd90000 - 0x00007ffb5bea2000 	C:\WINDOWS\System32\gdi32full.dll
0x00007ffb5c0a0000 - 0x00007ffb5c13d000 	C:\WINDOWS\System32\msvcp_win.dll
0x00007ffb5dc30000 - 0x00007ffb5dc61000 	C:\WINDOWS\System32\IMM32.DLL
0x00007ffb4af50000 - 0x00007ffb4afeb000 	C:\Users\kevin\Downloads\openjdk-13+33_windows-x64_bin\jdk-13\bin\msvcp140.dll
0x00007ffaf7cb0000 - 0x00007ffaf8816000 	C:\Users\kevin\Downloads\openjdk-13+33_windows-x64_bin\jdk-13\bin\server\jvm.dll
0x00007ffb5d520000 - 0x00007ffb5d5ce000 	C:\WINDOWS\System32\ADVAPI32.dll
0x00007ffb5dd40000 - 0x00007ffb5ddde000 	C:\WINDOWS\System32\sechost.dll
0x00007ffb5e740000 - 0x00007ffb5e860000 	C:\WINDOWS\System32\RPCRT4.dll
0x00007ffb5dde0000 - 0x00007ffb5dde8000 	C:\WINDOWS\System32\PSAPI.DLL
0x00007ffb56560000 - 0x00007ffb56593000 	C:\WINDOWS\SYSTEM32\WINMM.dll
0x00007ffb319b0000 - 0x00007ffb319b9000 	C:\WINDOWS\SYSTEM32\WSOCK32.dll
0x00007ffb54b00000 - 0x00007ffb54b0a000 	C:\WINDOWS\SYSTEM32\VERSION.dll
0x00007ffb5d4b0000 - 0x00007ffb5d51f000 	C:\WINDOWS\System32\WS2_32.dll
0x00007ffb5aed0000 - 0x00007ffb5aee8000 	C:\WINDOWS\SYSTEM32\kernel.appcore.dll
0x00007ffb56b00000 - 0x00007ffb56b10000 	C:\Users\kevin\Downloads\openjdk-13+33_windows-x64_bin\jdk-13\bin\verify.dll
0x00007ffb59990000 - 0x00007ffb59bb1000 	C:\WINDOWS\SYSTEM32\DBGHELP.DLL
0x00007ffb52880000 - 0x00007ffb528b1000 	C:\WINDOWS\SYSTEM32\dbgcore.DLL
0x00007ffb5c020000 - 0x00007ffb5c09f000 	C:\WINDOWS\System32\bcryptPrimitives.dll
0x00007ffb56ad0000 - 0x00007ffb56af6000 	C:\Users\kevin\Downloads\openjdk-13+33_windows-x64_bin\jdk-13\bin\java.dll
0x00007ffb4bc00000 - 0x00007ffb4bc17000 	C:\Users\kevin\Downloads\openjdk-13+33_windows-x64_bin\jdk-13\bin\zip.dll
0x00007ffb564d0000 - 0x00007ffb564da000 	C:\Users\kevin\Downloads\openjdk-13+33_windows-x64_bin\jdk-13\bin\jimage.dll
0x00007ffb5cc40000 - 0x00007ffb5d3ee000 	C:\WINDOWS\System32\SHELL32.dll
0x00007ffb59ec0000 - 0x00007ffb5a727000 	C:\WINDOWS\SYSTEM32\windows.storage.dll
0x00007ffb5c740000 - 0x00007ffb5cab8000 	C:\WINDOWS\System32\combase.dll
0x00007ffb59d50000 - 0x00007ffb59eb6000 	C:\WINDOWS\SYSTEM32\wintypes.dll
0x00007ffb5e650000 - 0x00007ffb5e73a000 	C:\WINDOWS\System32\SHCORE.dll
0x00007ffb5dbd0000 - 0x00007ffb5dc2d000 	C:\WINDOWS\System32\shlwapi.dll
0x00007ffb5bcc0000 - 0x00007ffb5bce1000 	C:\WINDOWS\SYSTEM32\profapi.dll
0x00007ffb4bbe0000 - 0x00007ffb4bbf9000 	C:\Users\kevin\Downloads\openjdk-13+33_windows-x64_bin\jdk-13\bin\net.dll
0x00007ffb54e80000 - 0x00007ffb5506e000 	C:\WINDOWS\SYSTEM32\urlmon.dll
0x00007ffb554b0000 - 0x00007ffb555bc000 	C:\WINDOWS\SYSTEM32\WINHTTP.dll
0x00007ffb54b70000 - 0x00007ffb54e22000 	C:\WINDOWS\SYSTEM32\iertutil.dll
0x00007ffb5a970000 - 0x00007ffb5a97c000 	C:\WINDOWS\SYSTEM32\netutils.dll
0x00007ffb54e30000 - 0x00007ffb54e58000 	C:\WINDOWS\SYSTEM32\srvcli.dll
0x00007ffb5b310000 - 0x00007ffb5b377000 	C:\WINDOWS\system32\mswsock.dll
0x00007ffb4b9d0000 - 0x00007ffb4b9e3000 	C:\Users\kevin\Downloads\openjdk-13+33_windows-x64_bin\jdk-13\bin\nio.dll
0x00007ffb56490000 - 0x00007ffb56499000 	C:\Users\kevin\Downloads\openjdk-13+33_windows-x64_bin\jdk-13\bin\management.dll
0x00007ffb52ad0000 - 0x00007ffb52adb000 	C:\Users\kevin\Downloads\openjdk-13+33_windows-x64_bin\jdk-13\bin\management_ext.dll
0x00007ffb439b0000 - 0x00007ffb439c7000 	C:\WINDOWS\system32\napinsp.dll
0x00007ffb43990000 - 0x00007ffb439ab000 	C:\WINDOWS\system32\pnrpnsp.dll
0x00007ffb5a9f0000 - 0x00007ffb5aad7000 	C:\WINDOWS\SYSTEM32\DNSAPI.dll
0x00007ffb5a980000 - 0x00007ffb5a9ad000 	C:\WINDOWS\SYSTEM32\IPHLPAPI.DLL
0x00007ffb5dbc0000 - 0x00007ffb5dbc9000 	C:\WINDOWS\System32\NSI.dll
0x00007ffb3c600000 - 0x00007ffb3c612000 	C:\WINDOWS\System32\winrnr.dll
0x00007ffb54960000 - 0x00007ffb54975000 	C:\WINDOWS\system32\wshbth.dll
0x00007ffb56c70000 - 0x00007ffb56c8f000 	C:\WINDOWS\system32\nlansp_c.dll
0x00007ffb4d4d0000 - 0x00007ffb4d4da000 	C:\Windows\System32\rasadhlp.dll
0x00007ffb528c0000 - 0x00007ffb52941000 	C:\WINDOWS\System32\fwpuclnt.dll
0x00007ffb5b570000 - 0x00007ffb5b588000 	C:\WINDOWS\SYSTEM32\CRYPTSP.dll
0x00007ffb5ae30000 - 0x00007ffb5ae65000 	C:\WINDOWS\system32\rsaenh.dll
0x00007ffb5b420000 - 0x00007ffb5b449000 	C:\WINDOWS\SYSTEM32\USERENV.dll
0x00007ffb5b6f0000 - 0x00007ffb5b717000 	C:\WINDOWS\SYSTEM32\bcrypt.dll
0x00007ffb5b590000 - 0x00007ffb5b59c000 	C:\WINDOWS\SYSTEM32\CRYPTBASE.dll
0x00007ffb54b50000 - 0x00007ffb54b69000 	C:\WINDOWS\SYSTEM32\dhcpcsvc6.DLL
0x00007ffb563f0000 - 0x00007ffb5640e000 	C:\WINDOWS\SYSTEM32\dhcpcsvc.DLL

dbghelp: loaded successfully - version: 4.0.5 - missing functions: none
symbol engine: initialized successfully - sym options: 0x614 - pdb path: .;C:\Users\kevin\Downloads\openjdk-13+33_windows-x64_bin\jdk-13\bin;C:\WINDOWS\SYSTEM32;C:\WINDOWS\WinSxS\amd64_microsoft.windows.common-controls_6595b64144ccf1df_6.0.22000.120_none_9d947278b86cc467;C:\Users\kevin\Downloads\openjdk-13+33_windows-x64_bin\jdk-13\bin\server

VM Arguments:
jvm_args: -Dcom.sun.management.jmxremote -Dcom.sun.management.jmxremote.port=63207 -Dcom.sun.management.jmxremote.authenticate=false -Dcom.sun.management.jmxremote.ssl=false -Djava.rmi.server.hostname=localhost -Dspring.jmx.enabled=true -Dspring.application.admin.enabled=true -XX:TieredStopAtLevel=1 -Dspring.boot.project.name=demo -Dfile.encoding=Cp1252 
java_command: com.App
java_class_path (initial): C:\Users\kevin\git\M1-UBO-Spring-Boot-Testing-App\bin\main;C:\Users\kevin\.gradle\caches\modules-2\files-2.1\org.projectlombok\lombok\1.18.22\9c08ea24c6eb714e2d6170e8122c069a0ba9aacf\lombok-1.18.22.jar;C:\Users\kevin\.gradle\caches\modules-2\files-2.1\org.springframework.boot\spring-boot-starter-data-jpa\2.6.3\74c60a724e4f81c7527b848ee24e91ba6facfe24\spring-boot-starter-data-jpa-2.6.3.jar;C:\Users\kevin\.gradle\caches\modules-2\files-2.1\org.springframework.boot\spring-boot-starter-web\2.6.3\ceb6e909c144daf9e792069f5f0efd105c8712a\spring-boot-starter-web-2.6.3.jar;C:\Users\kevin\.gradle\caches\modules-2\files-2.1\mysql\mysql-connector-java\8.0.28\33678b1729d4f832b9e4bcb2d5bbd67940920a7a\mysql-connector-java-8.0.28.jar;C:\Users\kevin\.gradle\caches\modules-2\files-2.1\junit\junit\4.13.1\cdd00374f1fee76b11e2a9d127405aa3f6be5b6a\junit-4.13.1.jar;C:\Users\kevin\.gradle\caches\modules-2\files-2.1\org.springframework.boot\spring-boot-starter-aop\2.6.3\338cbbfe2667aea23d95672093e05b5f54630c5a\spring-boot-starter-aop-2.6.3.jar;C:\Users\kevin\.gradle\caches\modules-2\files-2.1\org.springframework.boot\spring-boot-starter-jdbc\2.6.3\17871ef6920a3decad5f10181b2baf198ea2b787\spring-boot-starter-jdbc-2.6.3.jar;C:\Users\kevin\.gradle\caches\modules-2\files-2.1\jakarta.transaction\jakarta.transaction-api\1.3.3\c4179d48720a1e87202115fbed6089bdc4195405\jakarta.transaction-api-1.3.3.jar;C:\Users\kevin\.gradle\caches\modules-2\files-2.1\jakarta.persistence\jakarta.persistence-api\2.2.3\8f6ea5daedc614f07a3654a455660145286f024e\jakarta.persistence-api-2.2.3.jar;C:\Users\kevin\.gradle\caches\modules-2\files-2.1\org.hibernate\hibernate-core\5.6.4.Final\a21d3a313d8fa4dbf2d05aa50ef3157a8081e83f\hibernate-core-5.6.4.Final.jar;C:\Users\kevin\.gradle\caches\modules-2\files-2.1\org.springframework.data\spring-data-jpa\2.6.1\70eef23d3c1ba594749867edb9c89832da8f923c\spring-data-jpa-2.6.1.jar;C:\Users\kevin\.gradle\caches\modules-2\files-2.1\org.springframework\spring-
Launcher Type: SUN_STANDARD

[Global flags]
     intx CICompilerCount                          = 4                                         {product} {ergonomic}
     uint ConcGCThreads                            = 2                                         {product} {ergonomic}
     uint G1ConcRefinementThreads                  = 8                                         {product} {ergonomic}
   size_t G1HeapRegionSize                         = 1048576                                   {product} {ergonomic}
    uintx GCDrainStackTargetSize                   = 64                                        {product} {ergonomic}
   size_t InitialHeapSize                          = 127926272                                 {product} {ergonomic}
     bool ManagementServer                         = true                                      {product} {command line}
   size_t MarkStackSize                            = 4194304                                   {product} {ergonomic}
   size_t MaxHeapSize                              = 2046820352                                {product} {ergonomic}
   size_t MaxNewSize                               = 1227882496                                {product} {ergonomic}
   size_t MinHeapDeltaBytes                        = 1048576                                   {product} {ergonomic}
   size_t MinHeapSize                              = 8388608                                   {product} {ergonomic}
    uintx NonNMethodCodeHeapSize                   = 7549744                                {pd product} {ergonomic}
    uintx NonProfiledCodeHeapSize                  = 244108496                              {pd product} {ergonomic}
    uintx ProfiledCodeHeapSize                     = 0                                      {pd product} {ergonomic}
    uintx ReservedCodeCacheSize                    = 251658240                              {pd product} {ergonomic}
     bool SegmentedCodeCache                       = true                                      {product} {ergonomic}
   size_t SoftMaxHeapSize                          = 2046820352                             {manageable} {ergonomic}
     intx TieredStopAtLevel                        = 1                                         {product} {command line}
     bool UseCompressedClassPointers               = true                                 {lp64_product} {ergonomic}
     bool UseCompressedOops                        = true                                 {lp64_product} {ergonomic}
     bool UseG1GC                                  = true                                      {product} {ergonomic}
     bool UseLargePagesIndividualAllocation        = false                                  {pd product} {ergonomic}

Logging:
Log output configuration:
 #0: stdout all=warning uptime,level,tags
 #1: stderr all=off uptime,level,tags

Environment Variables:
PATH=D:/Master1/eclipse/eclipse/eclipse-jee//plugins/org.eclipse.justj.openjdk.hotspot.jre.full.win32.x86_64_15.0.2.v20210201-0955/jre/bin/server;D:/Master1/eclipse/eclipse/eclipse-jee//plugins/org.eclipse.justj.openjdk.hotspot.jre.full.win32.x86_64_15.0.2.v20210201-0955/jre/bin;C:\Program Files\Eclipse Foundation\jdk-8.0.302.8-hotspot\bin;C:\Python39\Scripts\;C:\Python39\;C:\Program Files (x86)\Common Files\Oracle\Java\javapath;C:\WINDOWS\system32;C:\WINDOWS;C:\WINDOWS\System32\Wbem;C:\WINDOWS\System32\WindowsPowerShell\v1.0\;C:\WINDOWS\System32\OpenSSH\;C:\Program Files\Microsoft SQL Server\130\Tools\Binn\;C:\Program Files\Microsoft SQL Server\Client SDK\ODBC\170\Tools\Binn\;C:\MinGW\bin;C:\GnuWin32\bin;C:\Program Files\Git\cmd;C:\ProgramData\chocolatey\bin;C:\Program Files\Go\bin;C:\Program Files\Docker\Docker\resources\bin;C:\ProgramData\DockerDesktop\version-bin;C:\Program Files\nodejs\;C:\Program Files\PuTTY\;C:\jdk1.3.1_28\bin;C:\Program Files\dotnet\;C:\Users\kevin\AppData\Local\Microsoft\WindowsApps;C:\Users\kevin\.dotnet\tools;C:\Users\kevin\AppData\Local\atom\bin;C:\Users\kevin\AppData\Local\Android\sdk\platform-tools;C:\Users\kevin\AppData\Local\Microsoft\WindowsApps;C:\Users\kevin\go\bin;C:\Users\kevin\AppData\Roaming\npm;;C:\Program Files\JetBrains\IntelliJ IDEA Community Edition 2021.3.1\bin;;C:\Users\kevin\.dotnet\tools;C:\Users\kevin\AppData\Local\Programs\Microsoft VS Code\bin;D:\Master1\eclipse\eclipse\eclipse-jee;
USERNAME=kevin
OS=Windows_NT
PROCESSOR_IDENTIFIER=Intel64 Family 6 Model 126 Stepping 5, GenuineIntel



---------------  S Y S T E M  ---------------

OS: Windows 10 , 64 bit Build 22000 (10.0.22000.434)
HyperV virtualization detected

CPU:total 8 (initial active 8) (4 cores per cpu, 2 threads per core) family 6 model 126 stepping 5, cmov, cx8, fxsr, mmx, sse, sse2, sse3, ssse3, sse4.1, sse4.2, popcnt, avx, avx2, aes, clmul, erms, 3dnowpref, lzcnt, ht, tsc, tscinvbit, bmi1, bmi2, adx, evex, sha, fma

Memory: 4k page, system-wide physical 7800M (890M free)
TotalPageFile size 9848M (AvailPageFile size 12M)
current process WorkingSet (physical memory assigned to process): 143M, peak: 143M
current process commit charge ("private bytes"): 185M, peak: 204M

vm_info: OpenJDK 64-Bit Server VM (13+33) for windows-amd64 JRE (13+33), built on Aug  9 2019 11:21:18 by "mach5one" with unknown MS VC++:1916

END.
