#
# There is insufficient memory for the Java Runtime Environment to continue.
# Native memory allocation (mmap) failed to map 73400320 bytes for Failed to commit area from 0x000000008d500000 to 0x0000000091b00000 of length 73400320.
# Possible reasons:
#   The system is out of physical RAM or swap space
#   The process is running with CompressedOops enabled, and the Java Heap may be blocking the growth of the native heap
# Possible solutions:
#   Reduce memory load on the system
#   Increase physical memory or swap space
#   Check if swap backing store is full
#   Decrease Java heap size (-Xmx/-Xms)
#   Decrease number of Java threads
#   Decrease Java thread stack sizes (-Xss)
#   Set larger code cache with -XX:ReservedCodeCacheSize=
#   JVM is running with Unscaled Compressed Oops mode in which the Java heap is
#     placed in the first 4GB address space. The Java Heap base address is the
#     maximum limit for the native heap growth. Please use -XX:HeapBaseMinAddress
#     to set the Java Heap base and to place the Java Heap above 4GB virtual address.
# This output file may be truncated or incomplete.
#
#  Out of Memory Error (t:/workspace/open/src/hotspot/os/windows/os_windows.cpp:3301), pid=7760, tid=8368
#
# JRE version: OpenJDK Runtime Environment (13.0+33) (build 13+33)
# Java VM: OpenJDK 64-Bit Server VM (13+33, mixed mode, sharing, tiered, compressed oops, g1 gc, windows-amd64)
# No core dump will be written. Minidumps are not enabled by default on client versions of Windows
#

---------------  S U M M A R Y ------------

Command Line: -Dcom.sun.management.jmxremote -Dcom.sun.management.jmxremote.port=62517 -Dcom.sun.management.jmxremote.authenticate=false -Dcom.sun.management.jmxremote.ssl=false -Djava.rmi.server.hostname=localhost -Dspring.jmx.enabled=true -Dspring.application.admin.enabled=true -XX:TieredStopAtLevel=1 -Dspring.boot.project.name=demo -Dfile.encoding=Cp1252 com.App

Host: Intel(R) Core(TM) i5-1035G1 CPU @ 1.00GHz, 8 cores, 7G,  Windows 10 , 64 bit Build 22000 (10.0.22000.434)
Time: Mon Mar 14 01:14:57 2022 Paris, Madrid elapsed time: 135 seconds (0d 0h 2m 15s)

---------------  T H R E A D  ---------------

Current thread (0x000001cb6b0af800):  VMThread "VM Thread" [stack: 0x0000009e5e900000,0x0000009e5ea00000] [id=8368]

Stack: [0x0000009e5e900000,0x0000009e5ea00000]
[error occurred during error reporting (printing stack bounds), id 0xc0000005, EXCEPTION_ACCESS_VIOLATION (0xc0000005) at pc=0x000001cb54961267]

Native frames: (J=compiled Java code, j=interpreted, Vv=VM code, C=native code)
V  [jvm.dll+0x626eaa]
V  [jvm.dll+0x772c4a]
V  [jvm.dll+0x7743ff]
V  [jvm.dll+0x774965]
V  [jvm.dll+0x77491b]
V  [jvm.dll+0x6266df]
C  [ntdll.dll+0x7c13a]
C  [ntdll.dll+0x358f2]
C  [ntdll.dll+0xa76fe]
C  0x000001cb54961267

VM_Operation (0x0000009e5e1fa930): G1CollectForAllocation, mode: safepoint, requested by thread 0x000001cb6ddd5800


---------------  P R O C E S S  ---------------

Threads class SMR info:
_java_thread_list=0x000001cb6c3f5290, length=24, elements={
0x000001cb6b0b1800, 0x000001cb6b0b3800, 0x000001cb6b0d1800, 0x000001cb6b0d3800,
0x000001cb6b0d5000, 0x000001cb6b0d9800, 0x000001cb6baf0000, 0x000001cb6bb29800,
0x000001cb6bf6e000, 0x000001cb6bf5f000, 0x000001cb6bfaf800, 0x000001cb6c394800,
0x000001cb6c3c0800, 0x000001cb6c3bd800, 0x000001cb6d666800, 0x000001cb6ddd2000,
0x000001cb6ddd6000, 0x000001cb6ddd1800, 0x000001cb6ddd5800, 0x000001cb6ddd7000,
0x000001cb6ddd8000, 0x000001cb6ddd4800, 0x000001cb6ddd8800, 0x000001cb6ddd3000
}

Java Threads: ( => current thread )
  0x000001cb6b0b1800 JavaThread "Reference Handler" daemon [_thread_blocked, id=16476, stack(0x0000009e5ea00000,0x0000009e5eb00000)]
  0x000001cb6b0b3800 JavaThread "Finalizer" daemon [_thread_blocked, id=1936, stack(0x0000009e5eb00000,0x0000009e5ec00000)]
  0x000001cb6b0d1800 JavaThread "Signal Dispatcher" daemon [_thread_blocked, id=12740, stack(0x0000009e5ec00000,0x0000009e5ed00000)]
  0x000001cb6b0d3800 JavaThread "Attach Listener" daemon [_thread_blocked, id=10204, stack(0x0000009e5ed00000,0x0000009e5ee00000)]
  0x000001cb6b0d5000 JavaThread "C1 CompilerThread0" daemon [_thread_blocked, id=14684, stack(0x0000009e5ee00000,0x0000009e5ef00000)]
  0x000001cb6b0d9800 JavaThread "Sweeper thread" daemon [_thread_blocked, id=18184, stack(0x0000009e5ef00000,0x0000009e5f000000)]
  0x000001cb6baf0000 JavaThread "Common-Cleaner" daemon [_thread_blocked, id=5708, stack(0x0000009e5f000000,0x0000009e5f100000)]
  0x000001cb6bb29800 JavaThread "Service Thread" daemon [_thread_blocked, id=15664, stack(0x0000009e5f100000,0x0000009e5f200000)]
  0x000001cb6bf6e000 JavaThread "RMI TCP Accept-0" daemon [_thread_in_native, id=10152, stack(0x0000009e5f200000,0x0000009e5f300000)]
  0x000001cb6bf5f000 JavaThread "RMI TCP Accept-62517" daemon [_thread_in_native, id=3148, stack(0x0000009e5f300000,0x0000009e5f400000)]
  0x000001cb6bfaf800 JavaThread "RMI TCP Accept-0" daemon [_thread_in_native, id=11316, stack(0x0000009e5f400000,0x0000009e5f500000)]
  0x000001cb6c394800 JavaThread "RMI Scheduler(0)" daemon [_thread_blocked, id=9556, stack(0x0000009e5fb00000,0x0000009e5fc00000)]
  0x000001cb6c3c0800 JavaThread "RMI TCP Connection(5)-127.0.0.1" daemon [_thread_in_native, id=8460, stack(0x0000009e5fc00000,0x0000009e5fd00000)]
  0x000001cb6c3bd800 JavaThread "JMX server connection timeout 23" daemon [_thread_blocked, id=9640, stack(0x0000009e5fd00000,0x0000009e5fe00000)]
  0x000001cb6d666800 JavaThread "mysql-cj-abandoned-connection-cleanup" daemon [_thread_blocked, id=6300, stack(0x0000009e60600000,0x0000009e60700000)]
  0x000001cb6ddd2000 JavaThread "Live Reload Server" daemon [_thread_in_native, id=284, stack(0x0000009e60e00000,0x0000009e60f00000)]
  0x000001cb6ddd6000 JavaThread "DestroyJavaVM" [_thread_blocked, id=15468, stack(0x0000009e5e300000,0x0000009e5e400000)]
  0x000001cb6ddd1800 JavaThread "Thread-5" [_thread_blocked, id=14724, stack(0x0000009e5e000000,0x0000009e5e100000)]
  0x000001cb6ddd5800 JavaThread "restartedMain" [_thread_blocked, id=5688, stack(0x0000009e5e100000,0x0000009e5e200000)]
  0x000001cb6ddd7000 JavaThread "Catalina-utility-1" [_thread_blocked, id=10488, stack(0x0000009e5e200000,0x0000009e5e300000)]
  0x000001cb6ddd8000 JavaThread "Catalina-utility-2" [_thread_blocked, id=10436, stack(0x0000009e5f800000,0x0000009e5f900000)]
  0x000001cb6ddd4800 JavaThread "container-0" [_thread_blocked, id=10432, stack(0x0000009e5f900000,0x0000009e5fa00000)]
  0x000001cb6ddd8800 JavaThread "HikariPool-2 housekeeper" daemon [_thread_blocked, id=10420, stack(0x0000009e5fa00000,0x0000009e5fb00000)]
  0x000001cb6ddd3000 JavaThread "HikariPool-2 connection adder" daemon [_thread_blocked, id=10416, stack(0x0000009e60300000,0x0000009e60400000)]

Other Threads:
=>0x000001cb6b0af800 VMThread "VM Thread" [stack: 0x0000009e5e900000,0x0000009e5ea00000] [id=8368]
  0x000001cb6bf89000 WatcherThread [stack: 0x0000009e5f500000,0x0000009e5f600000] [id=8500]
  0x000001cb4c4b2000 GCTaskThread "GC Thread#0" [stack: 0x0000009e5e400000,0x0000009e5e500000] [id=16776]
  0x000001cb6c294000 GCTaskThread "GC Thread#1" [stack: 0x0000009e5f600000,0x0000009e5f700000] [id=7184]
  0x000001cb6c42c000 GCTaskThread "GC Thread#2" [stack: 0x0000009e5fe00000,0x0000009e5ff00000] [id=3528]
  0x000001cb6c43c000 GCTaskThread "GC Thread#3" [stack: 0x0000009e5ff00000,0x0000009e60000000] [id=4072]
  0x000001cb6c442000 GCTaskThread "GC Thread#4" [stack: 0x0000009e60000000,0x0000009e60100000] [id=7920]
  0x000001cb6c442800 GCTaskThread "GC Thread#5" [stack: 0x0000009e60100000,0x0000009e60200000] [id=3384]
  0x000001cb6d3d8000 GCTaskThread "GC Thread#6" [stack: 0x0000009e60700000,0x0000009e60800000] [id=3476]
  0x000001cb6d3d8800 GCTaskThread "GC Thread#7" [stack: 0x0000009e60800000,0x0000009e60900000] [id=8936]
  0x000001cb4c4c3800 ConcurrentGCThread "G1 Main Marker" [stack: 0x0000009e5e500000,0x0000009e5e600000] [id=13700]
  0x000001cb4c4c5000 ConcurrentGCThread "G1 Conc#0" [stack: 0x0000009e5e600000,0x0000009e5e700000] [id=1852]
  0x000001cb6d3d2000 ConcurrentGCThread "G1 Conc#1" [stack: 0x0000009e60200000,0x0000009e60300000] [id=10804]
  0x000001cb6af28800 ConcurrentGCThread "G1 Refine#0" [stack: 0x0000009e5e700000,0x0000009e5e800000] [id=2184]
  0x000001cb6bc78000 ConcurrentGCThread "G1 Refine#1" [stack: 0x0000009e5f700000,0x0000009e5f800000] [id=4200]
  0x000001cb6af2a000 ConcurrentGCThread "G1 Young RemSet Sampling" [stack: 0x0000009e5e800000,0x0000009e5e900000] [id=14872]

Threads with active compile tasks:

VM state:at safepoint (normal execution)

VM Mutex/Monitor currently owned by a thread:  ([mutex/lock_event])
[0x000001cb4c46c720] Threads_lock - owner thread: 0x000001cb6b0af800
[0x000001cb4c46c570] Heap_lock - owner thread: 0x000001cb6ddd5800

Heap address: 0x0000000086000000, size: 1952 MB, Compressed Oops mode: 32-bit
Narrow klass base: 0x0000000800000000, Narrow klass shift: 3
Compressed class space size: 1073741824 Address: 0x0000000800b40000

Heap:
 garbage-first heap   total 191488K, used 27989K [0x0000000086000000, 0x0000000100000000)
  region size 1024K, 5 young (5120K), 5 survivors (5120K)
 Metaspace       used 52672K, capacity 54656K, committed 54784K, reserved 1095680K
  class space    used 7419K, capacity 8165K, committed 8192K, reserved 1048576K
Heap Regions: E=young(eden), S=young(survivor), O=old, HS=humongous(starts), HC=humongous(continues), CS=collection set, F=free, A=archive, TAMS=top-at-mark-start (previous, next)
|   0|0x0000000086000000, 0x0000000086100000, 0x0000000086100000|100%|HS|  |TAMS 0x0000000086000000, 0x0000000086000000| Untracked 
|   1|0x0000000086100000, 0x00000000861ffff8, 0x0000000086200000| 99%| O|  |TAMS 0x0000000086100000, 0x0000000086100000| Untracked 
|   2|0x0000000086200000, 0x00000000862fffa8, 0x0000000086300000| 99%| O|  |TAMS 0x0000000086200000, 0x0000000086200000| Untracked 
|   3|0x0000000086300000, 0x00000000863fffe8, 0x0000000086400000| 99%| O|  |TAMS 0x0000000086300000, 0x0000000086300000| Untracked 
|   4|0x0000000086400000, 0x00000000864f5dd0, 0x0000000086500000| 96%| O|  |TAMS 0x0000000086400000, 0x0000000086400000| Untracked 
|   5|0x0000000086500000, 0x00000000865fd858, 0x0000000086600000| 99%| O|  |TAMS 0x0000000086500000, 0x0000000086500000| Untracked 
|   6|0x0000000086600000, 0x00000000866ffff0, 0x0000000086700000| 99%| O|  |TAMS 0x0000000086600000, 0x0000000086600000| Untracked 
|   7|0x0000000086700000, 0x00000000867ffff8, 0x0000000086800000| 99%| O|  |TAMS 0x0000000086700000, 0x0000000086700000| Untracked 
|   8|0x0000000086800000, 0x0000000086900000, 0x0000000086900000|100%| O|  |TAMS 0x0000000086800000, 0x0000000086800000| Untracked 
|   9|0x0000000086900000, 0x00000000869fff78, 0x0000000086a00000| 99%| O|  |TAMS 0x0000000086900000, 0x0000000086900000| Untracked 
|  10|0x0000000086a00000, 0x0000000086afffd8, 0x0000000086b00000| 99%| O|  |TAMS 0x0000000086a00000, 0x0000000086a00000| Untracked 
|  11|0x0000000086b00000, 0x0000000086bfffd8, 0x0000000086c00000| 99%| O|  |TAMS 0x0000000086b00000, 0x0000000086b00000| Untracked 
|  12|0x0000000086c00000, 0x0000000086cfeca8, 0x0000000086d00000| 99%| O|  |TAMS 0x0000000086c00000, 0x0000000086c00000| Untracked 
|  13|0x0000000086d00000, 0x0000000086dff390, 0x0000000086e00000| 99%| O|  |TAMS 0x0000000086d00000, 0x0000000086d00000| Untracked 
|  14|0x0000000086e00000, 0x0000000086efffe8, 0x0000000086f00000| 99%| O|  |TAMS 0x0000000086e00000, 0x0000000086e00000| Untracked 
|  15|0x0000000086f00000, 0x0000000086ffffe0, 0x0000000087000000| 99%| O|  |TAMS 0x0000000086f00000, 0x0000000086f00000| Untracked 
|  16|0x0000000087000000, 0x0000000087100000, 0x0000000087100000|100%| O|  |TAMS 0x0000000087000000, 0x0000000087000000| Untracked 
|  17|0x0000000087100000, 0x00000000871ad0e0, 0x0000000087200000| 67%| O|  |TAMS 0x0000000087100000, 0x0000000087100000| Untracked 
|  18|0x0000000087200000, 0x00000000872ffff8, 0x0000000087300000| 99%| O|  |TAMS 0x0000000087200000, 0x0000000087200000| Untracked 
|  19|0x0000000087300000, 0x00000000873c18f0, 0x0000000087400000| 75%| O|  |TAMS 0x0000000087300000, 0x0000000087300000| Untracked 
|  20|0x0000000087400000, 0x00000000874df800, 0x0000000087500000| 87%| O|  |TAMS 0x0000000087400000, 0x0000000087400000| Untracked 
|  21|0x0000000087500000, 0x0000000087600000, 0x0000000087600000|100%| O|  |TAMS 0x0000000087500000, 0x0000000087500000| Untracked 
|  22|0x0000000087600000, 0x000000008767a498, 0x0000000087700000| 47%| O|  |TAMS 0x0000000087600000, 0x0000000087600000| Untracked 
|  23|0x0000000087700000, 0x00000000877e2600, 0x0000000087800000| 88%| O|  |TAMS 0x0000000087700000, 0x0000000087700000| Untracked 
|  24|0x0000000087800000, 0x0000000087800000, 0x0000000087900000|  0%| F|  |TAMS 0x0000000087800000, 0x0000000087800000| Untracked 
|  25|0x0000000087900000, 0x0000000087900000, 0x0000000087a00000|  0%| F|  |TAMS 0x0000000087900000, 0x0000000087900000| Untracked 
|  26|0x0000000087a00000, 0x0000000087a00000, 0x0000000087b00000|  0%| F|  |TAMS 0x0000000087a00000, 0x0000000087a00000| Untracked 
|  27|0x0000000087b00000, 0x0000000087b00000, 0x0000000087c00000|  0%| F|  |TAMS 0x0000000087b00000, 0x0000000087b00000| Untracked 
|  28|0x0000000087c00000, 0x0000000087c00000, 0x0000000087d00000|  0%| F|  |TAMS 0x0000000087c00000, 0x0000000087c00000| Untracked 
|  29|0x0000000087d00000, 0x0000000087d00000, 0x0000000087e00000|  0%| F|  |TAMS 0x0000000087d00000, 0x0000000087d00000| Untracked 
|  30|0x0000000087e00000, 0x0000000087e00000, 0x0000000087f00000|  0%| F|  |TAMS 0x0000000087e00000, 0x0000000087e00000| Untracked 
|  31|0x0000000087f00000, 0x0000000087f00000, 0x0000000088000000|  0%| F|  |TAMS 0x0000000087f00000, 0x0000000087f00000| Untracked 
|  32|0x0000000088000000, 0x0000000088000000, 0x0000000088100000|  0%| F|  |TAMS 0x0000000088000000, 0x0000000088000000| Untracked 
|  33|0x0000000088100000, 0x0000000088100000, 0x0000000088200000|  0%| F|  |TAMS 0x0000000088100000, 0x0000000088100000| Untracked 
|  34|0x0000000088200000, 0x0000000088200000, 0x0000000088300000|  0%| F|  |TAMS 0x0000000088200000, 0x0000000088200000| Untracked 
|  35|0x0000000088300000, 0x0000000088300000, 0x0000000088400000|  0%| F|  |TAMS 0x0000000088300000, 0x0000000088300000| Untracked 
|  36|0x0000000088400000, 0x0000000088400000, 0x0000000088500000|  0%| F|  |TAMS 0x0000000088400000, 0x0000000088400000| Untracked 
|  37|0x0000000088500000, 0x0000000088500000, 0x0000000088600000|  0%| F|  |TAMS 0x0000000088500000, 0x0000000088500000| Untracked 
|  38|0x0000000088600000, 0x0000000088600000, 0x0000000088700000|  0%| F|  |TAMS 0x0000000088600000, 0x0000000088600000| Untracked 
|  39|0x0000000088700000, 0x0000000088700000, 0x0000000088800000|  0%| F|  |TAMS 0x0000000088700000, 0x0000000088700000| Untracked 
|  40|0x0000000088800000, 0x0000000088800000, 0x0000000088900000|  0%| F|  |TAMS 0x0000000088800000, 0x0000000088800000| Untracked 
|  41|0x0000000088900000, 0x0000000088900000, 0x0000000088a00000|  0%| F|  |TAMS 0x0000000088900000, 0x0000000088900000| Untracked 
|  42|0x0000000088a00000, 0x0000000088ab9418, 0x0000000088b00000| 72%| S|CS|TAMS 0x0000000088a00000, 0x0000000088a00000| Complete 
|  43|0x0000000088b00000, 0x0000000088c00000, 0x0000000088c00000|100%| S|CS|TAMS 0x0000000088b00000, 0x0000000088b00000| Complete 
|  44|0x0000000088c00000, 0x0000000088d00000, 0x0000000088d00000|100%| S|CS|TAMS 0x0000000088c00000, 0x0000000088c00000| Complete 
|  45|0x0000000088d00000, 0x0000000088e00000, 0x0000000088e00000|100%| S|CS|TAMS 0x0000000088d00000, 0x0000000088d00000| Complete 
|  46|0x0000000088e00000, 0x0000000088f00000, 0x0000000088f00000|100%| S|CS|TAMS 0x0000000088e00000, 0x0000000088e00000| Complete 
|  47|0x0000000088f00000, 0x0000000088f00000, 0x0000000089000000|  0%| F|  |TAMS 0x0000000088f00000, 0x0000000088f00000| Untracked 
|  48|0x0000000089000000, 0x0000000089000000, 0x0000000089100000|  0%| F|  |TAMS 0x0000000089000000, 0x0000000089000000| Untracked 
|  49|0x0000000089100000, 0x0000000089100000, 0x0000000089200000|  0%| F|  |TAMS 0x0000000089100000, 0x0000000089100000| Untracked 
|  50|0x0000000089200000, 0x0000000089200000, 0x0000000089300000|  0%| F|  |TAMS 0x0000000089200000, 0x0000000089200000| Untracked 
|  51|0x0000000089300000, 0x0000000089300000, 0x0000000089400000|  0%| F|  |TAMS 0x0000000089300000, 0x0000000089300000| Untracked 
|  52|0x0000000089400000, 0x0000000089400000, 0x0000000089500000|  0%| F|  |TAMS 0x0000000089400000, 0x0000000089400000| Untracked 
|  53|0x0000000089500000, 0x0000000089500000, 0x0000000089600000|  0%| F|  |TAMS 0x0000000089500000, 0x0000000089500000| Untracked 
|  54|0x0000000089600000, 0x0000000089600000, 0x0000000089700000|  0%| F|  |TAMS 0x0000000089600000, 0x0000000089600000| Untracked 
|  55|0x0000000089700000, 0x0000000089700000, 0x0000000089800000|  0%| F|  |TAMS 0x0000000089700000, 0x0000000089700000| Untracked 
|  56|0x0000000089800000, 0x0000000089800000, 0x0000000089900000|  0%| F|  |TAMS 0x0000000089800000, 0x0000000089800000| Untracked 
|  57|0x0000000089900000, 0x0000000089900000, 0x0000000089a00000|  0%| F|  |TAMS 0x0000000089900000, 0x0000000089900000| Untracked 
|  58|0x0000000089a00000, 0x0000000089a00000, 0x0000000089b00000|  0%| F|  |TAMS 0x0000000089a00000, 0x0000000089a00000| Untracked 
|  59|0x0000000089b00000, 0x0000000089b00000, 0x0000000089c00000|  0%| F|  |TAMS 0x0000000089b00000, 0x0000000089b00000| Untracked 
|  60|0x0000000089c00000, 0x0000000089c00000, 0x0000000089d00000|  0%| F|  |TAMS 0x0000000089c00000, 0x0000000089c00000| Untracked 
|  61|0x0000000089d00000, 0x0000000089d00000, 0x0000000089e00000|  0%| F|  |TAMS 0x0000000089d00000, 0x0000000089d00000| Untracked 
|  62|0x0000000089e00000, 0x0000000089e00000, 0x0000000089f00000|  0%| F|  |TAMS 0x0000000089e00000, 0x0000000089e00000| Untracked 
|  63|0x0000000089f00000, 0x0000000089f00000, 0x000000008a000000|  0%| F|  |TAMS 0x0000000089f00000, 0x0000000089f00000| Untracked 
|  64|0x000000008a000000, 0x000000008a000000, 0x000000008a100000|  0%| F|  |TAMS 0x000000008a000000, 0x000000008a000000| Untracked 
|  65|0x000000008a100000, 0x000000008a100000, 0x000000008a200000|  0%| F|  |TAMS 0x000000008a100000, 0x000000008a100000| Untracked 
|  66|0x000000008a200000, 0x000000008a200000, 0x000000008a300000|  0%| F|  |TAMS 0x000000008a200000, 0x000000008a200000| Untracked 
|  67|0x000000008a300000, 0x000000008a300000, 0x000000008a400000|  0%| F|  |TAMS 0x000000008a300000, 0x000000008a300000| Untracked 
|  68|0x000000008a400000, 0x000000008a400000, 0x000000008a500000|  0%| F|  |TAMS 0x000000008a400000, 0x000000008a400000| Untracked 
|  69|0x000000008a500000, 0x000000008a500000, 0x000000008a600000|  0%| F|  |TAMS 0x000000008a500000, 0x000000008a500000| Untracked 
|  70|0x000000008a600000, 0x000000008a600000, 0x000000008a700000|  0%| F|  |TAMS 0x000000008a600000, 0x000000008a600000| Untracked 
|  71|0x000000008a700000, 0x000000008a700000, 0x000000008a800000|  0%| F|  |TAMS 0x000000008a700000, 0x000000008a700000| Untracked 
|  72|0x000000008a800000, 0x000000008a800000, 0x000000008a900000|  0%| F|  |TAMS 0x000000008a800000, 0x000000008a800000| Untracked 
|  73|0x000000008a900000, 0x000000008a900000, 0x000000008aa00000|  0%| F|  |TAMS 0x000000008a900000, 0x000000008a900000| Untracked 
|  74|0x000000008aa00000, 0x000000008aa00000, 0x000000008ab00000|  0%| F|  |TAMS 0x000000008aa00000, 0x000000008aa00000| Untracked 
|  75|0x000000008ab00000, 0x000000008ab00000, 0x000000008ac00000|  0%| F|  |TAMS 0x000000008ab00000, 0x000000008ab00000| Untracked 
|  76|0x000000008ac00000, 0x000000008ac00000, 0x000000008ad00000|  0%| F|  |TAMS 0x000000008ac00000, 0x000000008ac00000| Untracked 
|  77|0x000000008ad00000, 0x000000008ad00000, 0x000000008ae00000|  0%| F|  |TAMS 0x000000008ad00000, 0x000000008ad00000| Untracked 
|  78|0x000000008ae00000, 0x000000008ae00000, 0x000000008af00000|  0%| F|  |TAMS 0x000000008ae00000, 0x000000008ae00000| Untracked 
|  79|0x000000008af00000, 0x000000008af00000, 0x000000008b000000|  0%| F|  |TAMS 0x000000008af00000, 0x000000008af00000| Untracked 
|  80|0x000000008b000000, 0x000000008b000000, 0x000000008b100000|  0%| F|  |TAMS 0x000000008b000000, 0x000000008b000000| Untracked 
|  81|0x000000008b100000, 0x000000008b100000, 0x000000008b200000|  0%| F|  |TAMS 0x000000008b100000, 0x000000008b100000| Untracked 
|  82|0x000000008b200000, 0x000000008b200000, 0x000000008b300000|  0%| F|  |TAMS 0x000000008b200000, 0x000000008b200000| Untracked 
|  83|0x000000008b300000, 0x000000008b300000, 0x000000008b400000|  0%| F|  |TAMS 0x000000008b300000, 0x000000008b300000| Untracked 
|  84|0x000000008b400000, 0x000000008b400000, 0x000000008b500000|  0%| F|  |TAMS 0x000000008b400000, 0x000000008b400000| Untracked 
|  85|0x000000008b500000, 0x000000008b500000, 0x000000008b600000|  0%| F|  |TAMS 0x000000008b500000, 0x000000008b500000| Untracked 
|  86|0x000000008b600000, 0x000000008b600000, 0x000000008b700000|  0%| F|  |TAMS 0x000000008b600000, 0x000000008b600000| Untracked 
|  87|0x000000008b700000, 0x000000008b700000, 0x000000008b800000|  0%| F|  |TAMS 0x000000008b700000, 0x000000008b700000| Untracked 
|  88|0x000000008b800000, 0x000000008b800000, 0x000000008b900000|  0%| F|  |TAMS 0x000000008b800000, 0x000000008b800000| Untracked 
|  89|0x000000008b900000, 0x000000008b900000, 0x000000008ba00000|  0%| F|  |TAMS 0x000000008b900000, 0x000000008b900000| Untracked 
|  90|0x000000008ba00000, 0x000000008ba00000, 0x000000008bb00000|  0%| F|  |TAMS 0x000000008ba00000, 0x000000008ba00000| Untracked 
|  91|0x000000008bb00000, 0x000000008bb00000, 0x000000008bc00000|  0%| F|  |TAMS 0x000000008bb00000, 0x000000008bb00000| Untracked 
|  92|0x000000008bc00000, 0x000000008bc00000, 0x000000008bd00000|  0%| F|  |TAMS 0x000000008bc00000, 0x000000008bc00000| Untracked 
|  93|0x000000008bd00000, 0x000000008bd00000, 0x000000008be00000|  0%| F|  |TAMS 0x000000008bd00000, 0x000000008bd00000| Untracked 
|  94|0x000000008be00000, 0x000000008be00000, 0x000000008bf00000|  0%| F|  |TAMS 0x000000008be00000, 0x000000008be00000| Untracked 
|  95|0x000000008bf00000, 0x000000008bf00000, 0x000000008c000000|  0%| F|  |TAMS 0x000000008bf00000, 0x000000008bf00000| Untracked 
|  96|0x000000008c000000, 0x000000008c000000, 0x000000008c100000|  0%| F|  |TAMS 0x000000008c000000, 0x000000008c000000| Untracked 
|  97|0x000000008c100000, 0x000000008c100000, 0x000000008c200000|  0%| F|  |TAMS 0x000000008c100000, 0x000000008c100000| Untracked 
|  98|0x000000008c200000, 0x000000008c200000, 0x000000008c300000|  0%| F|  |TAMS 0x000000008c200000, 0x000000008c200000| Untracked 
|  99|0x000000008c300000, 0x000000008c300000, 0x000000008c400000|  0%| F|  |TAMS 0x000000008c300000, 0x000000008c300000| Untracked 
| 100|0x000000008c400000, 0x000000008c400000, 0x000000008c500000|  0%| F|  |TAMS 0x000000008c400000, 0x000000008c400000| Untracked 
| 101|0x000000008c500000, 0x000000008c500000, 0x000000008c600000|  0%| F|  |TAMS 0x000000008c500000, 0x000000008c500000| Untracked 
| 102|0x000000008c600000, 0x000000008c600000, 0x000000008c700000|  0%| F|  |TAMS 0x000000008c600000, 0x000000008c600000| Untracked 
| 103|0x000000008c700000, 0x000000008c700000, 0x000000008c800000|  0%| F|  |TAMS 0x000000008c700000, 0x000000008c700000| Untracked 
| 104|0x000000008c800000, 0x000000008c800000, 0x000000008c900000|  0%| F|  |TAMS 0x000000008c800000, 0x000000008c800000| Untracked 
| 105|0x000000008c900000, 0x000000008c900000, 0x000000008ca00000|  0%| F|  |TAMS 0x000000008c900000, 0x000000008c900000| Untracked 
| 106|0x000000008ca00000, 0x000000008ca00000, 0x000000008cb00000|  0%| F|  |TAMS 0x000000008ca00000, 0x000000008ca00000| Untracked 
| 107|0x000000008cb00000, 0x000000008cb00000, 0x000000008cc00000|  0%| F|  |TAMS 0x000000008cb00000, 0x000000008cb00000| Untracked 
| 108|0x000000008cc00000, 0x000000008cc00000, 0x000000008cd00000|  0%| F|  |TAMS 0x000000008cc00000, 0x000000008cc00000| Untracked 
| 109|0x000000008cd00000, 0x000000008cd00000, 0x000000008ce00000|  0%| F|  |TAMS 0x000000008cd00000, 0x000000008cd00000| Untracked 
| 110|0x000000008ce00000, 0x000000008ce00000, 0x000000008cf00000|  0%| F|  |TAMS 0x000000008ce00000, 0x000000008ce00000| Untracked 
| 111|0x000000008cf00000, 0x000000008cf00000, 0x000000008d000000|  0%| F|  |TAMS 0x000000008cf00000, 0x000000008cf00000| Untracked 
| 112|0x000000008d000000, 0x000000008d000000, 0x000000008d100000|  0%| F|  |TAMS 0x000000008d000000, 0x000000008d000000| Untracked 
| 113|0x000000008d100000, 0x000000008d100000, 0x000000008d200000|  0%| F|  |TAMS 0x000000008d100000, 0x000000008d100000| Untracked 
| 114|0x000000008d200000, 0x000000008d200000, 0x000000008d300000|  0%| F|  |TAMS 0x000000008d200000, 0x000000008d200000| Untracked 
| 115|0x000000008d300000, 0x000000008d300000, 0x000000008d400000|  0%| F|  |TAMS 0x000000008d300000, 0x000000008d300000| Untracked 
| 116|0x000000008d400000, 0x000000008d400000, 0x000000008d500000|  0%| F|  |TAMS 0x000000008d400000, 0x000000008d400000| Untracked 

Card table byte_map: [0x000001cb64170000,0x000001cb64540000] _byte_map_base: 0x000001cb63d40000

Marking Bits (Prev, Next): (CMBitMap*) 0x000001cb4c4b2c78, (CMBitMap*) 0x000001cb4c4b2c38
 Prev Bits: [0x000001cb66790000, 0x000001cb68610000)
 Next Bits: [0x000001cb64910000, 0x000001cb66790000)

Polling page: 0x000001cb4a3f0000

Metaspace:

Usage:
  Non-class:     45.40 MB capacity,    44.19 MB ( 97%) used,     1.01 MB (  2%) free+waste,   206.25 KB ( <1%) overhead. 
      Class:      7.97 MB capacity,     7.25 MB ( 91%) used,   642.09 KB (  8%) free+waste,   103.25 KB (  1%) overhead. 
       Both:     53.38 MB capacity,    51.44 MB ( 96%) used,     1.63 MB (  3%) free+waste,   309.50 KB ( <1%) overhead. 

Virtual space:
  Non-class space:       46.00 MB reserved,      45.50 MB ( 99%) committed 
      Class space:        1.00 GB reserved,       8.00 MB ( <1%) committed 
             Both:        1.04 GB reserved,      53.50 MB (  5%) committed 

Chunk freelists:
   Non-Class:  37.00 KB
       Class:  27.00 KB
        Both:  64.00 KB

MaxMetaspaceSize: 17179869184.00 GB
CompressedClassSpaceSize: 1.00 GB

CodeHeap 'non-profiled nmethods': size=238336Kb used=11366Kb max_used=11366Kb free=226970Kb
 bounds [0x000001cb550a0000, 0x000001cb55bc0000, 0x000001cb63960000]
CodeHeap 'non-nmethods': size=7424Kb used=1312Kb max_used=1312Kb free=6111Kb
 bounds [0x000001cb54960000, 0x000001cb54bd0000, 0x000001cb550a0000]
 total_blobs=7515 nmethods=6617 adapters=511
 compilation: enabled
              stopped_count=0, restarted_count=0
 full_count=0

Compilation events (20 events):
Event: 135.344 Thread 0x000001cb6b0d5000 6649       1       org.springframework.core.annotation.AnnotationTypeMapping$MirrorSets$MirrorSet::size (5 bytes)
Event: 135.344 Thread 0x000001cb6b0d5000 nmethod 6649 0x000001cb55bb4910 code [0x000001cb55bb4aa0, 0x000001cb55bb4bd8]
Event: 135.345 Thread 0x000001cb6b0d5000 6650       1       org.springframework.asm.Type::getArgumentTypes (154 bytes)
Event: 135.346 Thread 0x000001cb6b0d5000 nmethod 6650 0x000001cb55bb4c90 code [0x000001cb55bb4f60, 0x000001cb55bb5f30]
Event: 135.346 Thread 0x000001cb6b0d5000 6651       1       org.springframework.beans.PropertyAccessorUtils::isNestedOrIndexedProperty (44 bytes)
Event: 135.347 Thread 0x000001cb6b0d5000 nmethod 6651 0x000001cb55bb6a10 code [0x000001cb55bb6be0, 0x000001cb55bb6f00]
Event: 135.347 Thread 0x000001cb6b0d5000 6652       1       org.springframework.beans.AbstractNestablePropertyAccessor::getPropertyAccessorForPropertyPath (43 bytes)
Event: 135.347 Thread 0x000001cb6b0d5000 nmethod 6652 0x000001cb55bb7110 code [0x000001cb55bb72e0, 0x000001cb55bb7510]
Event: 135.347 Thread 0x000001cb6b0d5000 6653       1       org.springframework.beans.PropertyAccessorUtils::getFirstNestedPropertySeparatorIndex (6 bytes)
Event: 135.347 Thread 0x000001cb6b0d5000 nmethod 6653 0x000001cb55bb7690 code [0x000001cb55bb7840, 0x000001cb55bb7970]
Event: 135.347 Thread 0x000001cb6b0d5000 6654       1       org.springframework.beans.AbstractNestablePropertyAccessor::getFinalPath (18 bytes)
Event: 135.347 Thread 0x000001cb6b0d5000 nmethod 6654 0x000001cb55bb7a10 code [0x000001cb55bb7bc0, 0x000001cb55bb7d60]
Event: 135.347 Thread 0x000001cb6b0d5000 6655       1       org.springframework.beans.BeanWrapperImpl::getLocalPropertyHandler (6 bytes)
Event: 135.347 Thread 0x000001cb6b0d5000 nmethod 6655 0x000001cb55bb7e90 code [0x000001cb55bb8080, 0x000001cb55bb8460]
Event: 135.347 Thread 0x000001cb6b0d5000 6656       1       org.springframework.beans.BeanWrapperImpl::getLocalPropertyHandler (27 bytes)
Event: 135.348 Thread 0x000001cb6b0d5000 nmethod 6656 0x000001cb55bb8690 code [0x000001cb55bb8880, 0x000001cb55bb8c60]
Event: 135.348 Thread 0x000001cb6b0d5000 6657       1       org.springframework.core.MethodParameter::withContainingClass (17 bytes)
Event: 135.348 Thread 0x000001cb6b0d5000 nmethod 6657 0x000001cb55bb8e10 code [0x000001cb55bb8fc0, 0x000001cb55bb91f0]
Event: 135.348 Thread 0x000001cb6b0d5000 6658       1       org.springframework.util.ConcurrentReferenceHashMap$EntryIterator::moveToNextSegment (55 bytes)
Event: 135.348 Thread 0x000001cb6b0d5000 nmethod 6658 0x000001cb55bb9310 code [0x000001cb55bb94c0, 0x000001cb55bb96f8]

GC Heap History (20 events):
Event: 133.256 GC heap after
{Heap after GC invocations=35 (full 1):
 garbage-first heap   total 75776K, used 23473K [0x0000000086000000, 0x0000000100000000)
  region size 1024K, 3 young (3072K), 3 survivors (3072K)
 Metaspace       used 52201K, capacity 54033K, committed 54272K, reserved 1095680K
  class space    used 7359K, capacity 8075K, committed 8192K, reserved 1048576K
}
Event: 133.283 GC heap before
{Heap before GC invocations=35 (full 1):
 garbage-first heap   total 75776K, used 62385K [0x0000000086000000, 0x0000000100000000)
  region size 1024K, 41 young (41984K), 3 survivors (3072K)
 Metaspace       used 52201K, capacity 54033K, committed 54272K, reserved 1095680K
  class space    used 7359K, capacity 8075K, committed 8192K, reserved 1048576K
}
Event: 133.285 GC heap after
{Heap after GC invocations=36 (full 1):
 garbage-first heap   total 75776K, used 23615K [0x0000000086000000, 0x0000000100000000)
  region size 1024K, 3 young (3072K), 3 survivors (3072K)
 Metaspace       used 52201K, capacity 54033K, committed 54272K, reserved 1095680K
  class space    used 7359K, capacity 8075K, committed 8192K, reserved 1048576K
}
Event: 133.323 GC heap before
{Heap before GC invocations=36 (full 1):
 garbage-first heap   total 75776K, used 62527K [0x0000000086000000, 0x0000000100000000)
  region size 1024K, 41 young (41984K), 3 survivors (3072K)
 Metaspace       used 52201K, capacity 54033K, committed 54272K, reserved 1095680K
  class space    used 7359K, capacity 8075K, committed 8192K, reserved 1048576K
}
Event: 133.325 GC heap after
{Heap after GC invocations=37 (full 1):
 garbage-first heap   total 75776K, used 23620K [0x0000000086000000, 0x0000000100000000)
  region size 1024K, 3 young (3072K), 3 survivors (3072K)
 Metaspace       used 52201K, capacity 54033K, committed 54272K, reserved 1095680K
  class space    used 7359K, capacity 8075K, committed 8192K, reserved 1048576K
}
Event: 133.356 GC heap before
{Heap before GC invocations=37 (full 1):
 garbage-first heap   total 75776K, used 62532K [0x0000000086000000, 0x0000000100000000)
  region size 1024K, 41 young (41984K), 3 survivors (3072K)
 Metaspace       used 52201K, capacity 54033K, committed 54272K, reserved 1095680K
  class space    used 7359K, capacity 8075K, committed 8192K, reserved 1048576K
}
Event: 133.359 GC heap after
{Heap after GC invocations=38 (full 1):
 garbage-first heap   total 75776K, used 23625K [0x0000000086000000, 0x0000000100000000)
  region size 1024K, 3 young (3072K), 3 survivors (3072K)
 Metaspace       used 52201K, capacity 54033K, committed 54272K, reserved 1095680K
  class space    used 7359K, capacity 8075K, committed 8192K, reserved 1048576K
}
Event: 133.395 GC heap before
{Heap before GC invocations=38 (full 1):
 garbage-first heap   total 75776K, used 62537K [0x0000000086000000, 0x0000000100000000)
  region size 1024K, 41 young (41984K), 3 survivors (3072K)
 Metaspace       used 52201K, capacity 54033K, committed 54272K, reserved 1095680K
  class space    used 7359K, capacity 8075K, committed 8192K, reserved 1048576K
}
Event: 133.397 GC heap after
{Heap after GC invocations=39 (full 1):
 garbage-first heap   total 75776K, used 23632K [0x0000000086000000, 0x0000000100000000)
  region size 1024K, 3 young (3072K), 3 survivors (3072K)
 Metaspace       used 52201K, capacity 54033K, committed 54272K, reserved 1095680K
  class space    used 7359K, capacity 8075K, committed 8192K, reserved 1048576K
}
Event: 133.432 GC heap before
{Heap before GC invocations=39 (full 1):
 garbage-first heap   total 75776K, used 62544K [0x0000000086000000, 0x0000000100000000)
  region size 1024K, 41 young (41984K), 3 survivors (3072K)
 Metaspace       used 52201K, capacity 54033K, committed 54272K, reserved 1095680K
  class space    used 7359K, capacity 8075K, committed 8192K, reserved 1048576K
}
Event: 133.435 GC heap after
{Heap after GC invocations=40 (full 1):
 garbage-first heap   total 75776K, used 23637K [0x0000000086000000, 0x0000000100000000)
  region size 1024K, 3 young (3072K), 3 survivors (3072K)
 Metaspace       used 52201K, capacity 54033K, committed 54272K, reserved 1095680K
  class space    used 7359K, capacity 8075K, committed 8192K, reserved 1048576K
}
Event: 133.476 GC heap before
{Heap before GC invocations=40 (full 1):
 garbage-first heap   total 75776K, used 62549K [0x0000000086000000, 0x0000000100000000)
  region size 1024K, 41 young (41984K), 3 survivors (3072K)
 Metaspace       used 52201K, capacity 54033K, committed 54272K, reserved 1095680K
  class space    used 7359K, capacity 8075K, committed 8192K, reserved 1048576K
}
Event: 133.479 GC heap after
{Heap after GC invocations=41 (full 1):
 garbage-first heap   total 119808K, used 23790K [0x0000000086000000, 0x0000000100000000)
  region size 1024K, 3 young (3072K), 3 survivors (3072K)
 Metaspace       used 52201K, capacity 54033K, committed 54272K, reserved 1095680K
  class space    used 7359K, capacity 8075K, committed 8192K, reserved 1048576K
}
Event: 133.779 GC heap before
{Heap before GC invocations=41 (full 1):
 garbage-first heap   total 119808K, used 92398K [0x0000000086000000, 0x0000000100000000)
  region size 1024K, 70 young (71680K), 3 survivors (3072K)
 Metaspace       used 52280K, capacity 54150K, committed 54272K, reserved 1095680K
  class space    used 7377K, capacity 8114K, committed 8192K, reserved 1048576K
}
Event: 133.782 GC heap after
{Heap after GC invocations=42 (full 1):
 garbage-first heap   total 119808K, used 25318K [0x0000000086000000, 0x0000000100000000)
  region size 1024K, 4 young (4096K), 4 survivors (4096K)
 Metaspace       used 52280K, capacity 54150K, committed 54272K, reserved 1095680K
  class space    used 7377K, capacity 8114K, committed 8192K, reserved 1048576K
}
Event: 133.967 GC heap before
{Heap before GC invocations=42 (full 1):
 garbage-first heap   total 119808K, used 92902K [0x0000000086000000, 0x0000000100000000)
  region size 1024K, 70 young (71680K), 4 survivors (4096K)
 Metaspace       used 52280K, capacity 54150K, committed 54272K, reserved 1095680K
  class space    used 7377K, capacity 8114K, committed 8192K, reserved 1048576K
}
Event: 133.971 GC heap after
{Heap after GC invocations=43 (full 1):
 garbage-first heap   total 119808K, used 25896K [0x0000000086000000, 0x0000000100000000)
  region size 1024K, 5 young (5120K), 5 survivors (5120K)
 Metaspace       used 52280K, capacity 54150K, committed 54272K, reserved 1095680K
  class space    used 7377K, capacity 8114K, committed 8192K, reserved 1048576K
}
Event: 134.149 GC heap before
{Heap before GC invocations=43 (full 1):
 garbage-first heap   total 119808K, used 91432K [0x0000000086000000, 0x0000000100000000)
  region size 1024K, 70 young (71680K), 5 survivors (5120K)
 Metaspace       used 52410K, capacity 54314K, committed 54528K, reserved 1095680K
  class space    used 7393K, capacity 8121K, committed 8192K, reserved 1048576K
}
Event: 134.152 GC heap after
{Heap after GC invocations=44 (full 1):
 garbage-first heap   total 119808K, used 26044K [0x0000000086000000, 0x0000000100000000)
  region size 1024K, 4 young (4096K), 4 survivors (4096K)
 Metaspace       used 52410K, capacity 54314K, committed 54528K, reserved 1095680K
  class space    used 7393K, capacity 8121K, committed 8192K, reserved 1048576K
}
Event: 135.357 GC heap before
{Heap before GC invocations=44 (full 1):
 garbage-first heap   total 119808K, used 92604K [0x0000000086000000, 0x0000000100000000)
  region size 1024K, 70 young (71680K), 4 survivors (4096K)
 Metaspace       used 52672K, capacity 54656K, committed 54784K, reserved 1095680K
  class space    used 7419K, capacity 8165K, committed 8192K, reserved 1048576K
}

Deoptimization events (4 events):
Event: 3.701 Thread 0x000001cb6c36f000 DEOPT PACKING pc=0x000001cb553de814 sp=0x0000009e5f9fc660
Event: 3.701 Thread 0x000001cb6c36f000 DEOPT UNPACKING pc=0x000001cb549a845e sp=0x0000009e5f9fbbc8 mode 0
Event: 7.024 Thread 0x000001cb6c36f000 DEOPT PACKING pc=0x000001cb55497573 sp=0x0000009e5f9fcdb0
Event: 7.024 Thread 0x000001cb6c36f000 DEOPT UNPACKING pc=0x000001cb549a845e sp=0x0000009e5f9fc2b8 mode 3

Classes unloaded (0 events):
No events

Classes redefined (0 events):
No events

Internal exceptions (20 events):
Event: 134.159 Thread 0x000001cb6ddd5800 Exception <a 'sun/nio/fs/WindowsException'{0x000000008c9cb5b0}> (0x000000008c9cb5b0) 
thrown [t:/workspace/open/src/hotspot/share/prims/jni.cpp, line 598]
Event: 134.160 Thread 0x000001cb6ddd5800 Exception <a 'sun/nio/fs/WindowsException'{0x000000008c9cbc88}> (0x000000008c9cbc88) 
thrown [t:/workspace/open/src/hotspot/share/prims/jni.cpp, line 598]
Event: 134.176 Thread 0x000001cb6ddd5800 Exception <a 'java/io/FileNotFoundException'{0x000000008c807fb8}> (0x000000008c807fb8) 
thrown [t:/workspace/open/src/hotspot/share/prims/jni.cpp, line 598]
Event: 134.196 Thread 0x000001cb6ddd5800 Exception <a 'java/io/FileNotFoundException'{0x000000008c689e70}> (0x000000008c689e70) 
thrown [t:/workspace/open/src/hotspot/share/prims/jni.cpp, line 598]
Event: 135.300 Thread 0x000001cb6ddd5800 Exception <a 'java/lang/ClassNotFoundException'{0x0000000089d9e560}: java/lang/ObjectCustomizer> (0x0000000089d9e560) 
thrown [t:/workspace/open/src/hotspot/share/classfile/systemDictionary.cpp, line 232]
Event: 135.301 Thread 0x000001cb6ddd5800 Exception <a 'java/lang/ClassNotFoundException'{0x0000000089db79a8}: com/entities/ComposanteCustomizer> (0x0000000089db79a8) 
thrown [t:/workspace/open/src/hotspot/share/classfile/systemDictionary.cpp, line 232]
Event: 135.305 Thread 0x000001cb6ddd5800 Exception <a 'java/lang/ClassNotFoundException'{0x0000000089ddabe8}: java/lang/ObjectCustomizer> (0x0000000089ddabe8) 
thrown [t:/workspace/open/src/hotspot/share/classfile/systemDictionary.cpp, line 232]
Event: 135.306 Thread 0x000001cb6ddd5800 Exception <a 'java/lang/ClassNotFoundException'{0x0000000089df4420}: com/entities/UtilisateurCustomizer> (0x0000000089df4420) 
thrown [t:/workspace/open/src/hotspot/share/classfile/systemDictionary.cpp, line 232]
Event: 135.307 Thread 0x000001cb6ddd5800 Exception <a 'java/lang/ClassNotFoundException'{0x0000000089c12490}: com/entities/ResponsableCustomizer> (0x0000000089c12490) 
thrown [t:/workspace/open/src/hotspot/share/classfile/systemDictionary.cpp, line 232]
Event: 135.312 Thread 0x000001cb6ddd5800 Exception <a 'java/lang/ClassNotFoundException'{0x0000000089c713a0}: java/lang/ObjectCustomizer> (0x0000000089c713a0) 
thrown [t:/workspace/open/src/hotspot/share/classfile/systemDictionary.cpp, line 232]
Event: 135.313 Thread 0x000001cb6ddd5800 Exception <a 'java/lang/ClassNotFoundException'{0x0000000089c8b560}: com/entities/Filiere_LangueCustomizer> (0x0000000089c8b560) 
thrown [t:/workspace/open/src/hotspot/share/classfile/systemDictionary.cpp, line 232]
Event: 135.316 Thread 0x000001cb6ddd5800 Exception <a 'java/lang/ClassNotFoundException'{0x0000000089cc1fa8}: java/lang/ObjectCustomizer> (0x0000000089cc1fa8) 
thrown [t:/workspace/open/src/hotspot/share/classfile/systemDictionary.cpp, line 232]
Event: 135.316 Thread 0x000001cb6ddd5800 Exception <a 'java/lang/ClassNotFoundException'{0x0000000089cda880}: com/entities/CoursCustomizer> (0x0000000089cda880) 
thrown [t:/workspace/open/src/hotspot/share/classfile/systemDictionary.cpp, line 232]
Event: 135.318 Thread 0x000001cb6ddd5800 Exception <a 'java/lang/ClassNotFoundException'{0x0000000089b06340}: java/lang/ObjectCustomizer> (0x0000000089b06340) 
thrown [t:/workspace/open/src/hotspot/share/classfile/systemDictionary.cpp, line 232]
Event: 135.318 Thread 0x000001cb6ddd5800 Exception <a 'java/lang/ClassNotFoundException'{0x0000000089b208c0}: com/entities/UtilisateurCustomizer> (0x0000000089b208c0) 
thrown [t:/workspace/open/src/hotspot/share/classfile/systemDictionary.cpp, line 232]
Event: 135.319 Thread 0x000001cb6ddd5800 Exception <a 'java/lang/ClassNotFoundException'{0x0000000089b3d370}: com/entities/VacataireCustomizer> (0x0000000089b3d370) 
thrown [t:/workspace/open/src/hotspot/share/classfile/systemDictionary.cpp, line 232]
Event: 135.321 Thread 0x000001cb6ddd5800 Exception <a 'java/lang/ClassNotFoundException'{0x0000000089b58cc8}: java/lang/ObjectCustomizer> (0x0000000089b58cc8) 
thrown [t:/workspace/open/src/hotspot/share/classfile/systemDictionary.cpp, line 232]
Event: 135.321 Thread 0x000001cb6ddd5800 Exception <a 'java/lang/ClassNotFoundException'{0x0000000089b74128}: com/entities/Seance_FormationCustomizer> (0x0000000089b74128) 
thrown [t:/workspace/open/src/hotspot/share/classfile/systemDictionary.cpp, line 232]
Event: 135.323 Thread 0x000001cb6ddd5800 Exception <a 'java/lang/ClassNotFoundException'{0x0000000089b9e5e8}: java/lang/ObjectCustomizer> (0x0000000089b9e5e8) 
thrown [t:/workspace/open/src/hotspot/share/classfile/systemDictionary.cpp, line 232]
Event: 135.323 Thread 0x000001cb6ddd5800 Exception <a 'java/lang/ClassNotFoundException'{0x0000000089bb84f8}: com/entities/CreneauCustomizer> (0x0000000089bb84f8) 
thrown [t:/workspace/open/src/hotspot/share/classfile/systemDictionary.cpp, line 232]

Events (20 events):
Event: 135.321 loading class java/lang/ObjectCustomizer done
Event: 135.321 loading class java/lang/ObjectCustomizer
Event: 135.321 loading class java/lang/ObjectCustomizer done
Event: 135.321 loading class com/entities/Seance_FormationCustomizer
Event: 135.321 loading class com/entities/Seance_FormationCustomizer done
Event: 135.321 loading class com/entities/Seance_FormationCustomizer
Event: 135.321 loading class com/entities/Seance_FormationCustomizer done
Event: 135.321 loading class com/entities/Seance_FormationCustomizer
Event: 135.321 loading class com/entities/Seance_FormationCustomizer done
Event: 135.323 loading class java/lang/ObjectCustomizer
Event: 135.323 loading class java/lang/ObjectCustomizer done
Event: 135.323 loading class java/lang/ObjectCustomizer
Event: 135.323 loading class java/lang/ObjectCustomizer done
Event: 135.323 loading class com/entities/CreneauCustomizer
Event: 135.323 loading class com/entities/CreneauCustomizer done
Event: 135.323 loading class com/entities/CreneauCustomizer
Event: 135.323 loading class com/entities/CreneauCustomizer done
Event: 135.323 loading class com/entities/CreneauCustomizer
Event: 135.323 loading class com/entities/CreneauCustomizer done
Event: 135.356 Executing VM operation: G1CollectForAllocation


Dynamic libraries:
0x00007ff64a2e0000 - 0x00007ff64a2ed000 	C:\Users\kevin\Downloads\openjdk-13+33_windows-x64_bin\jdk-13\bin\javaw.exe
0x00007ffb5e8a0000 - 0x00007ffb5eaa9000 	C:\WINDOWS\SYSTEM32\ntdll.dll
0x00007ffb5d3f0000 - 0x00007ffb5d4ad000 	C:\WINDOWS\System32\KERNEL32.DLL
0x00007ffb5c3c0000 - 0x00007ffb5c734000 	C:\WINDOWS\System32\KERNELBASE.dll
0x00007ffb5c270000 - 0x00007ffb5c381000 	C:\WINDOWS\System32\ucrtbase.dll
0x00007ffb4ba10000 - 0x00007ffb4ba25000 	C:\Users\kevin\Downloads\openjdk-13+33_windows-x64_bin\jdk-13\bin\VCRUNTIME140.dll
0x00007ffb52ad0000 - 0x00007ffb52ae8000 	C:\Users\kevin\Downloads\openjdk-13+33_windows-x64_bin\jdk-13\bin\jli.dll
0x00007ffb5d5d0000 - 0x00007ffb5d77c000 	C:\WINDOWS\System32\USER32.dll
0x00007ffb5c390000 - 0x00007ffb5c3b6000 	C:\WINDOWS\System32\win32u.dll
0x00007ffb5db90000 - 0x00007ffb5dbb9000 	C:\WINDOWS\System32\GDI32.dll
0x00007ffb44ad0000 - 0x00007ffb44d75000 	C:\WINDOWS\WinSxS\amd64_microsoft.windows.common-controls_6595b64144ccf1df_6.0.22000.120_none_9d947278b86cc467\COMCTL32.dll
0x00007ffb5bd90000 - 0x00007ffb5bea2000 	C:\WINDOWS\System32\gdi32full.dll
0x00007ffb5e4a0000 - 0x00007ffb5e543000 	C:\WINDOWS\System32\msvcrt.dll
0x00007ffb5c0a0000 - 0x00007ffb5c13d000 	C:\WINDOWS\System32\msvcp_win.dll
0x00007ffb5dc30000 - 0x00007ffb5dc61000 	C:\WINDOWS\System32\IMM32.DLL
0x00007ffb3a120000 - 0x00007ffb3a1bb000 	C:\Users\kevin\Downloads\openjdk-13+33_windows-x64_bin\jdk-13\bin\msvcp140.dll
0x00007ffaf7cb0000 - 0x00007ffaf8816000 	C:\Users\kevin\Downloads\openjdk-13+33_windows-x64_bin\jdk-13\bin\server\jvm.dll
0x00007ffb5d520000 - 0x00007ffb5d5ce000 	C:\WINDOWS\System32\ADVAPI32.dll
0x00007ffb5dd40000 - 0x00007ffb5ddde000 	C:\WINDOWS\System32\sechost.dll
0x00007ffb5e740000 - 0x00007ffb5e860000 	C:\WINDOWS\System32\RPCRT4.dll
0x00007ffb5dde0000 - 0x00007ffb5dde8000 	C:\WINDOWS\System32\PSAPI.DLL
0x00007ffb319b0000 - 0x00007ffb319b9000 	C:\WINDOWS\SYSTEM32\WSOCK32.dll
0x00007ffb56560000 - 0x00007ffb56593000 	C:\WINDOWS\SYSTEM32\WINMM.dll
0x00007ffb54b00000 - 0x00007ffb54b0a000 	C:\WINDOWS\SYSTEM32\VERSION.dll
0x00007ffb5d4b0000 - 0x00007ffb5d51f000 	C:\WINDOWS\System32\WS2_32.dll
0x00007ffb5aed0000 - 0x00007ffb5aee8000 	C:\WINDOWS\SYSTEM32\kernel.appcore.dll
0x00007ffb56ad0000 - 0x00007ffb56ae0000 	C:\Users\kevin\Downloads\openjdk-13+33_windows-x64_bin\jdk-13\bin\verify.dll
0x00007ffb59990000 - 0x00007ffb59bb1000 	C:\WINDOWS\SYSTEM32\DBGHELP.DLL
0x00007ffb52880000 - 0x00007ffb528b1000 	C:\WINDOWS\SYSTEM32\dbgcore.DLL
0x00007ffb5c020000 - 0x00007ffb5c09f000 	C:\WINDOWS\System32\bcryptPrimitives.dll
0x00007ffb49590000 - 0x00007ffb495b6000 	C:\Users\kevin\Downloads\openjdk-13+33_windows-x64_bin\jdk-13\bin\java.dll
0x00007ffb4b9f0000 - 0x00007ffb4ba07000 	C:\Users\kevin\Downloads\openjdk-13+33_windows-x64_bin\jdk-13\bin\zip.dll
0x00007ffb564d0000 - 0x00007ffb564da000 	C:\Users\kevin\Downloads\openjdk-13+33_windows-x64_bin\jdk-13\bin\jimage.dll
0x00007ffb5cc40000 - 0x00007ffb5d3ee000 	C:\WINDOWS\System32\SHELL32.dll
0x00007ffb59ec0000 - 0x00007ffb5a727000 	C:\WINDOWS\SYSTEM32\windows.storage.dll
0x00007ffb5c740000 - 0x00007ffb5cab8000 	C:\WINDOWS\System32\combase.dll
0x00007ffb59d50000 - 0x00007ffb59eb6000 	C:\WINDOWS\SYSTEM32\wintypes.dll
0x00007ffb5e650000 - 0x00007ffb5e73a000 	C:\WINDOWS\System32\SHCORE.dll
0x00007ffb5dbd0000 - 0x00007ffb5dc2d000 	C:\WINDOWS\System32\shlwapi.dll
0x00007ffb5bcc0000 - 0x00007ffb5bce1000 	C:\WINDOWS\SYSTEM32\profapi.dll
0x00007ffb49570000 - 0x00007ffb49589000 	C:\Users\kevin\Downloads\openjdk-13+33_windows-x64_bin\jdk-13\bin\net.dll
0x00007ffb54e80000 - 0x00007ffb5506e000 	C:\WINDOWS\SYSTEM32\urlmon.dll
0x00007ffb554b0000 - 0x00007ffb555bc000 	C:\WINDOWS\SYSTEM32\WINHTTP.dll
0x00007ffb54b70000 - 0x00007ffb54e22000 	C:\WINDOWS\SYSTEM32\iertutil.dll
0x00007ffb54e30000 - 0x00007ffb54e58000 	C:\WINDOWS\SYSTEM32\srvcli.dll
0x00007ffb5a970000 - 0x00007ffb5a97c000 	C:\WINDOWS\SYSTEM32\netutils.dll
0x00007ffb5b310000 - 0x00007ffb5b377000 	C:\WINDOWS\system32\mswsock.dll
0x00007ffb3a100000 - 0x00007ffb3a113000 	C:\Users\kevin\Downloads\openjdk-13+33_windows-x64_bin\jdk-13\bin\nio.dll
0x00007ffb4a760000 - 0x00007ffb4a769000 	C:\Users\kevin\Downloads\openjdk-13+33_windows-x64_bin\jdk-13\bin\management.dll
0x00007ffb49560000 - 0x00007ffb4956b000 	C:\Users\kevin\Downloads\openjdk-13+33_windows-x64_bin\jdk-13\bin\management_ext.dll
0x00007ffb439b0000 - 0x00007ffb439c7000 	C:\WINDOWS\system32\napinsp.dll
0x00007ffb43990000 - 0x00007ffb439ab000 	C:\WINDOWS\system32\pnrpnsp.dll
0x00007ffb5a9f0000 - 0x00007ffb5aad7000 	C:\WINDOWS\SYSTEM32\DNSAPI.dll
0x00007ffb5a980000 - 0x00007ffb5a9ad000 	C:\WINDOWS\SYSTEM32\IPHLPAPI.DLL
0x00007ffb5dbc0000 - 0x00007ffb5dbc9000 	C:\WINDOWS\System32\NSI.dll
0x00007ffb3c600000 - 0x00007ffb3c612000 	C:\WINDOWS\System32\winrnr.dll
0x00007ffb54960000 - 0x00007ffb54975000 	C:\WINDOWS\system32\wshbth.dll
0x00007ffb56c70000 - 0x00007ffb56c8f000 	C:\WINDOWS\system32\nlansp_c.dll
0x00007ffb4d4d0000 - 0x00007ffb4d4da000 	C:\Windows\System32\rasadhlp.dll
0x00007ffb528c0000 - 0x00007ffb52941000 	C:\WINDOWS\System32\fwpuclnt.dll
0x00007ffb5b570000 - 0x00007ffb5b588000 	C:\WINDOWS\SYSTEM32\CRYPTSP.dll
0x00007ffb5ae30000 - 0x00007ffb5ae65000 	C:\WINDOWS\system32\rsaenh.dll
0x00007ffb5b420000 - 0x00007ffb5b449000 	C:\WINDOWS\SYSTEM32\USERENV.dll
0x00007ffb5b6f0000 - 0x00007ffb5b717000 	C:\WINDOWS\SYSTEM32\bcrypt.dll
0x00007ffb5b590000 - 0x00007ffb5b59c000 	C:\WINDOWS\SYSTEM32\CRYPTBASE.dll
0x00007ffb54b50000 - 0x00007ffb54b69000 	C:\WINDOWS\SYSTEM32\dhcpcsvc6.DLL
0x00007ffb563f0000 - 0x00007ffb5640e000 	C:\WINDOWS\SYSTEM32\dhcpcsvc.DLL

dbghelp: loaded successfully - version: 4.0.5 - missing functions: none
symbol engine: initialized successfully - sym options: 0x614 - pdb path: .;C:\Users\kevin\Downloads\openjdk-13+33_windows-x64_bin\jdk-13\bin;C:\WINDOWS\SYSTEM32;C:\WINDOWS\WinSxS\amd64_microsoft.windows.common-controls_6595b64144ccf1df_6.0.22000.120_none_9d947278b86cc467;C:\Users\kevin\Downloads\openjdk-13+33_windows-x64_bin\jdk-13\bin\server

VM Arguments:
jvm_args: -Dcom.sun.management.jmxremote -Dcom.sun.management.jmxremote.port=62517 -Dcom.sun.management.jmxremote.authenticate=false -Dcom.sun.management.jmxremote.ssl=false -Djava.rmi.server.hostname=localhost -Dspring.jmx.enabled=true -Dspring.application.admin.enabled=true -XX:TieredStopAtLevel=1 -Dspring.boot.project.name=demo -Dfile.encoding=Cp1252 
java_command: com.App
java_class_path (initial): C:\Users\kevin\git\M1-UBO-Spring-Boot-Testing-App\bin\main;C:\Users\kevin\.gradle\caches\modules-2\files-2.1\org.projectlombok\lombok\1.18.22\9c08ea24c6eb714e2d6170e8122c069a0ba9aacf\lombok-1.18.22.jar;C:\Users\kevin\.gradle\caches\modules-2\files-2.1\org.springframework.boot\spring-boot-starter-data-jpa\2.6.3\74c60a724e4f81c7527b848ee24e91ba6facfe24\spring-boot-starter-data-jpa-2.6.3.jar;C:\Users\kevin\.gradle\caches\modules-2\files-2.1\org.springframework.boot\spring-boot-starter-web\2.6.3\ceb6e909c144daf9e792069f5f0efd105c8712a\spring-boot-starter-web-2.6.3.jar;C:\Users\kevin\.gradle\caches\modules-2\files-2.1\mysql\mysql-connector-java\8.0.28\33678b1729d4f832b9e4bcb2d5bbd67940920a7a\mysql-connector-java-8.0.28.jar;C:\Users\kevin\.gradle\caches\modules-2\files-2.1\junit\junit\4.13.1\cdd00374f1fee76b11e2a9d127405aa3f6be5b6a\junit-4.13.1.jar;C:\Users\kevin\.gradle\caches\modules-2\files-2.1\org.springframework.boot\spring-boot-starter-aop\2.6.3\338cbbfe2667aea23d95672093e05b5f54630c5a\spring-boot-starter-aop-2.6.3.jar;C:\Users\kevin\.gradle\caches\modules-2\files-2.1\org.springframework.boot\spring-boot-starter-jdbc\2.6.3\17871ef6920a3decad5f10181b2baf198ea2b787\spring-boot-starter-jdbc-2.6.3.jar;C:\Users\kevin\.gradle\caches\modules-2\files-2.1\jakarta.transaction\jakarta.transaction-api\1.3.3\c4179d48720a1e87202115fbed6089bdc4195405\jakarta.transaction-api-1.3.3.jar;C:\Users\kevin\.gradle\caches\modules-2\files-2.1\jakarta.persistence\jakarta.persistence-api\2.2.3\8f6ea5daedc614f07a3654a455660145286f024e\jakarta.persistence-api-2.2.3.jar;C:\Users\kevin\.gradle\caches\modules-2\files-2.1\org.hibernate\hibernate-core\5.6.4.Final\a21d3a313d8fa4dbf2d05aa50ef3157a8081e83f\hibernate-core-5.6.4.Final.jar;C:\Users\kevin\.gradle\caches\modules-2\files-2.1\org.springframework.data\spring-data-jpa\2.6.1\70eef23d3c1ba594749867edb9c89832da8f923c\spring-data-jpa-2.6.1.jar;C:\Users\kevin\.gradle\caches\modules-2\files-2.1\org.springframework\spring-
Launcher Type: SUN_STANDARD

[Global flags]
     intx CICompilerCount                          = 4                                         {product} {ergonomic}
     uint ConcGCThreads                            = 2                                         {product} {ergonomic}
     uint G1ConcRefinementThreads                  = 8                                         {product} {ergonomic}
   size_t G1HeapRegionSize                         = 1048576                                   {product} {ergonomic}
    uintx GCDrainStackTargetSize                   = 64                                        {product} {ergonomic}
   size_t InitialHeapSize                          = 127926272                                 {product} {ergonomic}
     bool ManagementServer                         = true                                      {product} {command line}
   size_t MarkStackSize                            = 4194304                                   {product} {ergonomic}
   size_t MaxHeapSize                              = 2046820352                                {product} {ergonomic}
   size_t MaxNewSize                               = 1227882496                                {product} {ergonomic}
   size_t MinHeapDeltaBytes                        = 1048576                                   {product} {ergonomic}
   size_t MinHeapSize                              = 8388608                                   {product} {ergonomic}
    uintx NonNMethodCodeHeapSize                   = 7549744                                {pd product} {ergonomic}
    uintx NonProfiledCodeHeapSize                  = 244108496                              {pd product} {ergonomic}
    uintx ProfiledCodeHeapSize                     = 0                                      {pd product} {ergonomic}
    uintx ReservedCodeCacheSize                    = 251658240                              {pd product} {ergonomic}
     bool SegmentedCodeCache                       = true                                      {product} {ergonomic}
   size_t SoftMaxHeapSize                          = 2046820352                             {manageable} {ergonomic}
     intx TieredStopAtLevel                        = 1                                         {product} {command line}
     bool UseCompressedClassPointers               = true                                 {lp64_product} {ergonomic}
     bool UseCompressedOops                        = true                                 {lp64_product} {ergonomic}
     bool UseG1GC                                  = true                                      {product} {ergonomic}
     bool UseLargePagesIndividualAllocation        = false                                  {pd product} {ergonomic}

Logging:
Log output configuration:
 #0: stdout all=warning uptime,level,tags
 #1: stderr all=off uptime,level,tags

Environment Variables:
PATH=D:/Master1/eclipse/eclipse/eclipse-jee//plugins/org.eclipse.justj.openjdk.hotspot.jre.full.win32.x86_64_15.0.2.v20210201-0955/jre/bin/server;D:/Master1/eclipse/eclipse/eclipse-jee//plugins/org.eclipse.justj.openjdk.hotspot.jre.full.win32.x86_64_15.0.2.v20210201-0955/jre/bin;C:\Program Files\Eclipse Foundation\jdk-8.0.302.8-hotspot\bin;C:\Python39\Scripts\;C:\Python39\;C:\Program Files (x86)\Common Files\Oracle\Java\javapath;C:\WINDOWS\system32;C:\WINDOWS;C:\WINDOWS\System32\Wbem;C:\WINDOWS\System32\WindowsPowerShell\v1.0\;C:\WINDOWS\System32\OpenSSH\;C:\Program Files\Microsoft SQL Server\130\Tools\Binn\;C:\Program Files\Microsoft SQL Server\Client SDK\ODBC\170\Tools\Binn\;C:\MinGW\bin;C:\GnuWin32\bin;C:\Program Files\Git\cmd;C:\ProgramData\chocolatey\bin;C:\Program Files\Go\bin;C:\Program Files\Docker\Docker\resources\bin;C:\ProgramData\DockerDesktop\version-bin;C:\Program Files\nodejs\;C:\Program Files\PuTTY\;C:\jdk1.3.1_28\bin;C:\Program Files\dotnet\;C:\Users\kevin\AppData\Local\Microsoft\WindowsApps;C:\Users\kevin\.dotnet\tools;C:\Users\kevin\AppData\Local\atom\bin;C:\Users\kevin\AppData\Local\Android\sdk\platform-tools;C:\Users\kevin\AppData\Local\Microsoft\WindowsApps;C:\Users\kevin\go\bin;C:\Users\kevin\AppData\Roaming\npm;;C:\Program Files\JetBrains\IntelliJ IDEA Community Edition 2021.3.1\bin;;C:\Users\kevin\.dotnet\tools;C:\Users\kevin\AppData\Local\Programs\Microsoft VS Code\bin;D:\Master1\eclipse\eclipse\eclipse-jee;
USERNAME=kevin
OS=Windows_NT
PROCESSOR_IDENTIFIER=Intel64 Family 6 Model 126 Stepping 5, GenuineIntel



---------------  S Y S T E M  ---------------

OS: Windows 10 , 64 bit Build 22000 (10.0.22000.434)
HyperV virtualization detected

CPU:total 8 (initial active 8) (4 cores per cpu, 2 threads per core) family 6 model 126 stepping 5, cmov, cx8, fxsr, mmx, sse, sse2, sse3, ssse3, sse4.1, sse4.2, popcnt, avx, avx2, aes, clmul, erms, 3dnowpref, lzcnt, ht, tsc, tscinvbit, bmi1, bmi2, adx, evex, sha, fma

Memory: 4k page, system-wide physical 7800M (961M free)
TotalPageFile size 9848M (AvailPageFile size 57M)
current process WorkingSet (physical memory assigned to process): 253M, peak: 253M
current process commit charge ("private bytes"): 295M, peak: 365M

vm_info: OpenJDK 64-Bit Server VM (13+33) for windows-amd64 JRE (13+33), built on Aug  9 2019 11:21:18 by "mach5one" with unknown MS VC++:1916

END.
